#
# An unexpected error has been detected by Java Runtime Environment:
#
#  Internal Error (classFileParser.cpp:2924), pid=5592, tid=3076725616
#  Error: ShouldNotReachHere()
#
# Java VM: Java HotSpot(TM) Server VM (10.0-b19 mixed mode linux-x86)
# If you would like to submit a bug report, please visit:
#   http://java.sun.com/webapps/bugreport/crash.jsp
#

---------------  T H R E A D  ---------------

Current thread (0x08187c00):  JavaThread "Unknown thread" [_thread_in_vm, id=5594, stack(0xb75e1000,0xb7632000)]

Stack: [0xb75e1000,0xb7632000],  sp=0xb7630a90,  free space=318k
Native frames: (J=compiled Java code, j=interpreted, Vv=VM code, C=native code)
V  [libjvm.so+0x5ecc19]
V  [libjvm.so+0x2cac60]
V  [libjvm.so+0x27d53d]
V  [libjvm.so+0x2822a2]
V  [libjvm.so+0x59956c]
V  [libjvm.so+0x5981b5]
V  [libjvm.so+0x597227]
V  [libjvm.so+0x596f32]
V  [libjvm.so+0x59ad3d]
V  [libjvm.so+0x59a929]
V  [libjvm.so+0x5cb4fa]
V  [libjvm.so+0x5cca2f]
V  [libjvm.so+0x34a248]
V  [libjvm.so+0x5b9086]
V  [libjvm.so+0x39c293]
C  [java+0x2fcc]
C  [java+0x1942]  JavaMain+0x72
C  [libpthread.so.0+0x596e]


---------------  P R O C E S S  ---------------

Java Threads: ( => current thread )

Other Threads:

=>0x08187c00 (exited) JavaThread "Unknown thread" [_thread_in_vm, id=5594, stack(0xb75e1000,0xb7632000)]

VM state:not at safepoint (not fully initialized)

VM Mutex/Monitor currently owned by a thread: None

Dynamic libraries:
06000000-0665c000 r-xp 00000000 08:06 10602627   /home/michael/progs/jdk1.6.0_04/jre/lib/i386/server/libjvm.so
0665c000-066a0000 rwxp 0065c000 08:06 10602627   /home/michael/progs/jdk1.6.0_04/jre/lib/i386/server/libjvm.so
066a0000-06ac2000 rwxp 00000000 00:00 0 
08048000-08052000 r-xp 00000000 08:06 10617505   /home/michael/progs/jdk1.6.0_04/bin/java
08052000-08053000 rwxp 00009000 08:06 10617505   /home/michael/progs/jdk1.6.0_04/bin/java
08182000-081e7000 rwxp 00000000 00:00 0          [heap]
91129000-91188000 r-xs 00492000 08:06 3752151    /home/michael/progs/android-sdk-linux_86/platforms/android-7/android.jar
91188000-91189000 ---p 00000000 00:00 0 
91189000-91209000 rwxp 00000000 00:00 0 
91209000-9120a000 ---p 00000000 00:00 0 
9120a000-91292000 rwxp 00000000 00:00 0 
91292000-912aa000 rwxp 00000000 00:00 0 
912aa000-912b8000 rwxp 00000000 00:00 0 
912b8000-91387000 rwxp 00000000 00:00 0 
91387000-9138f000 rwxp 00000000 00:00 0 
9138f000-913a7000 rwxp 00000000 00:00 0 
913a7000-913b5000 rwxp 00000000 00:00 0 
913b5000-91483000 rwxp 00000000 00:00 0 
91483000-91486000 rwxp 00000000 00:00 0 
91486000-9149f000 rwxp 00000000 00:00 0 
9149f000-924a0000 rwxp 00000000 00:00 0 
924a0000-954a0000 rwxp 00000000 00:00 0 
954a0000-97030000 rwxp 00000000 00:00 0 
97030000-b0d90000 rwxp 00000000 00:00 0 
b0d90000-b1190000 rwxp 00000000 00:00 0 
b1190000-b44a0000 rwxp 00000000 00:00 0 
b44a2000-b44ab000 rwxp 00000000 00:00 0 
b44ab000-b4562000 rwxp 00000000 00:00 0 
b4562000-b47a2000 rwxp 00000000 00:00 0 
b47a2000-b7562000 rwxp 00000000 00:00 0 
b7562000-b7571000 r-xp 00000000 08:06 10602643   /home/michael/progs/jdk1.6.0_04/jre/lib/i386/libzip.so
b7571000-b7573000 rwxp 0000e000 08:06 10602643   /home/michael/progs/jdk1.6.0_04/jre/lib/i386/libzip.so
b7573000-b7596000 r-xp 00000000 08:06 10602639   /home/michael/progs/jdk1.6.0_04/jre/lib/i386/libjava.so
b7596000-b7598000 rwxp 00023000 08:06 10602639   /home/michael/progs/jdk1.6.0_04/jre/lib/i386/libjava.so
b7598000-b75a2000 r-xp 00000000 08:06 1196259    /lib/tls/i686/cmov/libnss_files-2.11.1.so
b75a2000-b75a3000 r-xp 00009000 08:06 1196259    /lib/tls/i686/cmov/libnss_files-2.11.1.so
b75a3000-b75a4000 rwxp 0000a000 08:06 1196259    /lib/tls/i686/cmov/libnss_files-2.11.1.so
b75a4000-b75b7000 r-xp 00000000 08:06 1196256    /lib/tls/i686/cmov/libnsl-2.11.1.so
b75b7000-b75b8000 r-xp 00012000 08:06 1196256    /lib/tls/i686/cmov/libnsl-2.11.1.so
b75b8000-b75b9000 rwxp 00013000 08:06 1196256    /lib/tls/i686/cmov/libnsl-2.11.1.so
b75b9000-b75bb000 rwxp 00000000 00:00 0 
b75c4000-b75cf000 r-xp 00000000 08:06 10602638   /home/michael/progs/jdk1.6.0_04/jre/lib/i386/libverify.so
b75cf000-b75d0000 rwxp 0000b000 08:06 10602638   /home/michael/progs/jdk1.6.0_04/jre/lib/i386/libverify.so
b75d0000-b75d8000 rwxs 00000000 08:06 11719426   /tmp/hsperfdata_michael/5592
b75d8000-b75df000 r-xp 00000000 08:06 1196266    /lib/tls/i686/cmov/librt-2.11.1.so
b75df000-b75e0000 r-xp 00006000 08:06 1196266    /lib/tls/i686/cmov/librt-2.11.1.so
b75e0000-b75e1000 rwxp 00007000 08:06 1196266    /lib/tls/i686/cmov/librt-2.11.1.so
b75e1000-b75e4000 ---p 00000000 00:00 0 
b75e4000-b7632000 rwxp 00000000 00:00 0 
b7632000-b7656000 r-xp 00000000 08:06 1196252    /lib/tls/i686/cmov/libm-2.11.1.so
b7656000-b7657000 r-xp 00023000 08:06 1196252    /lib/tls/i686/cmov/libm-2.11.1.so
b7657000-b7658000 rwxp 00024000 08:06 1196252    /lib/tls/i686/cmov/libm-2.11.1.so
b7658000-b7659000 rwxp 00000000 00:00 0 
b7659000-b77ac000 r-xp 00000000 08:06 1196247    /lib/tls/i686/cmov/libc-2.11.1.so
b77ac000-b77ad000 ---p 00153000 08:06 1196247    /lib/tls/i686/cmov/libc-2.11.1.so
b77ad000-b77af000 r-xp 00153000 08:06 1196247    /lib/tls/i686/cmov/libc-2.11.1.so
b77af000-b77b0000 rwxp 00155000 08:06 1196247    /lib/tls/i686/cmov/libc-2.11.1.so
b77b0000-b77b3000 rwxp 00000000 00:00 0 
b77b3000-b77b5000 r-xp 00000000 08:06 1196250    /lib/tls/i686/cmov/libdl-2.11.1.so
b77b5000-b77b6000 r-xp 00001000 08:06 1196250    /lib/tls/i686/cmov/libdl-2.11.1.so
b77b6000-b77b7000 rwxp 00002000 08:06 1196250    /lib/tls/i686/cmov/libdl-2.11.1.so
b77b7000-b77be000 r-xp 00000000 08:06 10602641   /home/michael/progs/jdk1.6.0_04/jre/lib/i386/jli/libjli.so
b77be000-b77c0000 rwxp 00006000 08:06 10602641   /home/michael/progs/jdk1.6.0_04/jre/lib/i386/jli/libjli.so
b77c0000-b77c1000 rwxp 00000000 00:00 0 
b77c1000-b77d6000 r-xp 00000000 08:06 1196264    /lib/tls/i686/cmov/libpthread-2.11.1.so
b77d6000-b77d7000 r-xp 00014000 08:06 1196264    /lib/tls/i686/cmov/libpthread-2.11.1.so
b77d7000-b77d8000 rwxp 00015000 08:06 1196264    /lib/tls/i686/cmov/libpthread-2.11.1.so
b77d8000-b77da000 rwxp 00000000 00:00 0 
b77dc000-b77e4000 r-xp 00000000 08:06 1196261    /lib/tls/i686/cmov/libnss_nis-2.11.1.so
b77e4000-b77e5000 r-xp 00007000 08:06 1196261    /lib/tls/i686/cmov/libnss_nis-2.11.1.so
b77e5000-b77e6000 rwxp 00008000 08:06 1196261    /lib/tls/i686/cmov/libnss_nis-2.11.1.so
b77e6000-b77ec000 r-xp 00000000 08:06 1196257    /lib/tls/i686/cmov/libnss_compat-2.11.1.so
b77ec000-b77ed000 r-xp 00006000 08:06 1196257    /lib/tls/i686/cmov/libnss_compat-2.11.1.so
b77ed000-b77ee000 rwxp 00007000 08:06 1196257    /lib/tls/i686/cmov/libnss_compat-2.11.1.so
b77ee000-b77f4000 r-xp 00000000 08:06 10602625   /home/michael/progs/jdk1.6.0_04/jre/lib/i386/native_threads/libhpi.so
b77f4000-b77f5000 rwxp 00006000 08:06 10602625   /home/michael/progs/jdk1.6.0_04/jre/lib/i386/native_threads/libhpi.so
b77f5000-b77f6000 rwxp 00000000 00:00 0 
b77f6000-b77f7000 r-xp 00000000 00:00 0 
b77f7000-b77f9000 rwxp 00000000 00:00 0 
b77f9000-b77fa000 r-xp 00000000 00:00 0          [vdso]
b77fa000-b7815000 r-xp 00000000 08:06 1164659    /lib/ld-2.11.1.so
b7815000-b7816000 r-xp 0001a000 08:06 1164659    /lib/ld-2.11.1.so
b7816000-b7817000 rwxp 0001b000 08:06 1164659    /lib/ld-2.11.1.so
bfb42000-bfb57000 rwxp 00000000 00:00 0          [stack]

VM Arguments:
jvm_args: -Dfile.encoding=UTF-8 -Xbootclasspath:/home/michael/progs/android-sdk-linux_86/platforms/android-7/android.jar 
java_command: com.maky.arkanoid.math.ArkMath
Launcher Type: SUN_STANDARD

Environment Variables:
PATH=/usr/local/sbin:/usr/local/bin:/usr/sbin:/usr/bin:/sbin:/bin:/usr/games
USERNAME=michael
LD_LIBRARY_PATH=/home/michael/progs/jdk1.6.0_04/jre/lib/i386/server:/home/michael/progs/jdk1.6.0_04/jre/lib/i386:/home/michael/progs/jdk1.6.0_04/jre/../lib/i386:/home/michael/progs/jdk1.6.0_04/jre/lib/i386/client:/home/michael/progs/jdk1.6.0_04/jre/lib/i386:
SHELL=/bin/bash
DISPLAY=:0.0

Signal Handlers:
SIGSEGV: [libjvm.so+0x5ed7c0], sa_mask[0]=0x7ffbfeff, sa_flags=0x10000004
SIGBUS: [libjvm.so+0x5ed7c0], sa_mask[0]=0x7ffbfeff, sa_flags=0x10000004
SIGFPE: [libjvm.so+0x4fc230], sa_mask[0]=0x7ffbfeff, sa_flags=0x10000004
SIGPIPE: [libjvm.so+0x4fc230], sa_mask[0]=0x7ffbfeff, sa_flags=0x10000004
SIGXFSZ: [libjvm.so+0x4fc230], sa_mask[0]=0x7ffbfeff, sa_flags=0x10000004
SIGILL: [libjvm.so+0x4fc230], sa_mask[0]=0x7ffbfeff, sa_flags=0x10000004
SIGUSR1: SIG_DFL, sa_mask[0]=0x00000000, sa_flags=0x00000000
SIGUSR2: [libjvm.so+0x4fe270], sa_mask[0]=0x00000004, sa_flags=0x10000004
SIGHUP: SIG_DFL, sa_mask[0]=0x00000000, sa_flags=0x00000000
SIGINT: SIG_DFL, sa_mask[0]=0x00000000, sa_flags=0x00000000
SIGTERM: SIG_DFL, sa_mask[0]=0x00000000, sa_flags=0x00000000
SIGQUIT: SIG_DFL, sa_mask[0]=0x00000000, sa_flags=0x00000000


---------------  S Y S T E M  ---------------

OS:squeeze/sid

uname:Linux 2.6.32-24-generic #43-Ubuntu SMP Thu Sep 16 14:17:33 UTC 2010 i686
libc:glibc 2.11.1 NPTL 2.11.1 
rlimit: STACK 8192k, CORE 0k, NPROC infinity, NOFILE 1024, AS infinity
load average:1.72 1.48 1.36

CPU:total 2 (2 cores per cpu, 1 threads per core) family 6 model 15 stepping 11, cmov, cx8, fxsr, mmx, sse, sse2, sse3, ssse3

Memory: 4k page, physical 2029056k(51236k free), swap 4096532k(4019476k free)

vm_info: Java HotSpot(TM) Server VM (10.0-b19) for linux-x86 JRE (1.6.0_04-b12), built on Dec 14 2007 00:57:07 by "java_re" with gcc 3.2.1-7a (J2SE release)

time: Mon Feb 27 14:42:33 2012
elapsed time: 0 seconds

