#
# An unexpected error has been detected by Java Runtime Environment:
#
#  SIGSEGV (0xb) at pc=0xb773df2d, pid=9170, tid=3076135792
#
# Java VM: Java HotSpot(TM) Server VM (10.0-b19 mixed mode linux-x86)
# Problematic frame:
# C  [libpthread.so.0+0x7f2d]  pthread_mutex_lock+0x1d
#
# If you would like to submit a bug report, please visit:
#   http://java.sun.com/webapps/bugreport/crash.jsp
# The crash happened outside the Java Virtual Machine in native code.
# See problematic frame for where to report the bug.
#

---------------  T H R E A D  ---------------

Current thread (0x0953a400):  JavaThread "main" [_thread_in_native, id=9175, stack(0xb7551000,0xb75a2000)]

siginfo:si_signo=SIGSEGV: si_errno=0, si_code=1 (SEGV_MAPERR), si_addr=0x0000000c

Registers:
EAX=0x00000000, EBX=0xb774bff4, ECX=0xb75a05c0, EDX=0x90a5e264
ESP=0xb759f204, EBP=0xb759f228, ESI=0x00000000, EDI=0xb75a05c0
EIP=0xb773df2d, CR2=0x0000000c, EFLAGS=0x00210292

Top of Stack: (sp=0xb759f204)
0xb759f204:   0125fefa b759f238 00000000 09564cf8
0xb759f214:   000001d3 b759f248 9067dff4 90a5e258
0xb759f224:   b75a05c0 b759f248 9058b47f 00000000
0xb759f234:   09e29670 b759f4fc 00000000 00000000
0xb759f244:   9067dff4 b759f288 905a1038 90a5e264
0xb759f254:   09e29680 00000000 b7723ff4 91c94910
0xb759f264:   b75a0170 ffffffff 00000062 0953a400
0xb759f274:   b76e094d 8e6c2e28 90a5e258 b75a0170 

Instructions: (pc=0xb773df2d)
0xb773df1d:   5d f4 89 7d fc e8 19 c4 ff ff 81 c3 cd e0 00 00
0xb773df2d:   8b 7e 0c 89 f9 89 f8 83 e1 7f 83 e0 7c 75 45 65 

Stack: [0xb7551000,0xb75a2000],  sp=0xb759f204,  free space=312k
Native frames: (J=compiled Java code, j=interpreted, Vv=VM code, C=native code)
C  [libpthread.so.0+0x7f2d]  pthread_mutex_lock+0x1d
C  [libX11.so.6+0x2747f]
C  [libX11.so.6+0x3d038]  XrmQGetSearchList+0x58
C  [libmawt.so+0x231f65]
C  [libmawt.so+0x232b10]
C  [libmawt.so+0x220e6f]
C  [libmawt.so+0x2215b3]
C  [libmawt.so+0x22163c]
C  [libmawt.so+0x6b4b3]  Java_sun_awt_motif_MWindowPeer_pCreate+0x823
v  ~BufferBlob::Interpreter
v  ~BufferBlob::Interpreter
v  ~BufferBlob::Interpreter
v  ~BufferBlob::Interpreter
v  ~BufferBlob::Interpreter
v  ~BufferBlob::Interpreter
v  ~BufferBlob::Interpreter
v  ~BufferBlob::Interpreter
v  ~BufferBlob::Interpreter
v  ~BufferBlob::Interpreter
v  ~BufferBlob::Interpreter
v  ~BufferBlob::Interpreter
v  ~BufferBlob::Interpreter
v  ~BufferBlob::StubRoutines (1)
V  [libjvm.so+0x37338d]
V  [libjvm.so+0x4fd168]
V  [libjvm.so+0x373220]
V  [libjvm.so+0x39c846]
V  [libjvm.so+0x38e048]
C  [java+0x1b98]  JavaMain+0x2c8
C  [libpthread.so.0+0x596e]

Java frames: (J=compiled Java code, j=interpreted, Vv=VM code)
v  ~BufferBlob::Interpreter
v  ~BufferBlob::Interpreter
v  ~BufferBlob::Interpreter
v  ~BufferBlob::Interpreter
v  ~BufferBlob::Interpreter
v  ~BufferBlob::Interpreter
v  ~BufferBlob::Interpreter
v  ~BufferBlob::Interpreter
v  ~BufferBlob::Interpreter
v  ~BufferBlob::Interpreter
v  ~BufferBlob::Interpreter
v  ~BufferBlob::Interpreter
v  ~BufferBlob::Interpreter
v  ~BufferBlob::StubRoutines (1)

---------------  P R O C E S S  ---------------

Java Threads: ( => current thread )
  0x90a17000 JavaThread "main-SharedResourceRunner" daemon [_thread_blocked, id=9197, stack(0x8eb83000,0x8ebd4000)]
  0x90a76000 JavaThread "AWT-EventQueue-0" [_thread_blocked, id=9196, stack(0x90332000,0x90383000)]
  0x90a74c00 JavaThread "AWT-Motif" daemon [_thread_blocked, id=9195, stack(0x90383000,0x903d4000)]
  0x90a74800 JavaThread "AWT-Shutdown" [_thread_blocked, id=9194, stack(0x9043a000,0x9048b000)]
  0x90a42800 JavaThread "Java2D Disposer" daemon [_thread_blocked, id=9187, stack(0x90b04000,0x90b55000)]
  0x095df800 JavaThread "Low Memory Detector" daemon [_thread_blocked, id=9184, stack(0x90c36000,0x90c87000)]
  0x095dc800 JavaThread "CompilerThread1" daemon [_thread_blocked, id=9183, stack(0x90c87000,0x90d08000)]
  0x095db400 JavaThread "CompilerThread0" daemon [_thread_blocked, id=9182, stack(0x90d08000,0x90d89000)]
  0x095da000 JavaThread "Signal Dispatcher" daemon [_thread_blocked, id=9181, stack(0x90d89000,0x90dda000)]
  0x095be800 JavaThread "Finalizer" daemon [_thread_blocked, id=9180, stack(0x90e19000,0x90e6a000)]
  0x095bd800 JavaThread "Reference Handler" daemon [_thread_blocked, id=9179, stack(0x90e6a000,0x90ebb000)]
=>0x0953a400 JavaThread "main" [_thread_in_native, id=9175, stack(0xb7551000,0xb75a2000)]

Other Threads:
  0x095ba400 VMThread [stack: 0x90ebb000,0x90f3c000] [id=9178]
  0x095e0c00 WatcherThread [stack: 0x90bb5000,0x90c36000] [id=9185]

VM state:not at safepoint (normal execution)

VM Mutex/Monitor currently owned by a thread: None

Heap
 PSYoungGen      total 3584K, used 1035K [0xb0d00000, 0xb1100000, 0xb4410000)
  eden space 3072K, 17% used [0xb0d00000,0xb0d85680,0xb1000000)
  from space 512K, 97% used [0xb1080000,0xb10fd6b8,0xb1100000)
  to   space 512K, 0% used [0xb1000000,0xb1000000,0xb1080000)
 PSOldGen        total 28224K, used 660K [0x95410000, 0x96fa0000, 0xb0d00000)
  object space 28224K, 2% used [0x95410000,0x954b53b0,0x96fa0000)
 PSPermGen       total 16384K, used 8777K [0x91410000, 0x92410000, 0x95410000)
  object space 16384K, 53% used [0x91410000,0x91ca27c0,0x92410000)

Dynamic libraries:
06000000-0665c000 r-xp 00000000 08:06 10602627   /home/michael/progs/jdk1.6.0_04/jre/lib/i386/server/libjvm.so
0665c000-066a0000 rwxp 0065c000 08:06 10602627   /home/michael/progs/jdk1.6.0_04/jre/lib/i386/server/libjvm.so
066a0000-06ac2000 rwxp 00000000 00:00 0 
08048000-08052000 r-xp 00000000 08:06 10617505   /home/michael/progs/jdk1.6.0_04/bin/java
08052000-08053000 rwxp 00009000 08:06 10617505   /home/michael/progs/jdk1.6.0_04/bin/java
09534000-09e7e000 rwxp 00000000 00:00 0          [heap]
8e600000-8e6c4000 rwxp 00000000 00:00 0 
8e6c4000-8e700000 ---p 00000000 00:00 0 
8e79a000-8e7dd000 rwxp 00000000 00:05 1288       /dev/zero
8e7dd000-8e7df000 rwxp 00000000 00:05 1288       /dev/zero
8e7df000-8e9df000 rwxs 28cd2000 00:05 6595       /dev/nvidia0
8e9df000-8eadf000 rwxs 2b558000 00:05 6595       /dev/nvidia0
8eadf000-8eae0000 rwxs e5c0a000 00:05 6595       /dev/nvidia0
8eae0000-8eb20000 rwxs 28d48000 00:05 6595       /dev/nvidia0
8eb20000-8eb40000 rwxs 2f32a000 00:05 6595       /dev/nvidia0
8eb83000-8eb86000 ---p 00000000 00:00 0 
8eb86000-8ebd4000 rwxp 00000000 00:00 0 
8ebd4000-8ec5b000 r-xp 00000000 08:06 11567818   /tmp/jogamp.tmp.cache_000000/jln26144/jln26145/libjogl_desktop.so
8ec5b000-8ec5c000 r-xp 00086000 08:06 11567818   /tmp/jogamp.tmp.cache_000000/jln26144/jln26145/libjogl_desktop.so
8ec5c000-8ec5d000 rwxp 00087000 08:06 11567818   /tmp/jogamp.tmp.cache_000000/jln26144/jln26145/libjogl_desktop.so
8ec5d000-9020b000 r-xp 00000000 08:06 7870836    /usr/lib/nvidia-current/libGLcore.so.195.36.24
9020b000-9025e000 rwxp 015ad000 08:06 7870836    /usr/lib/nvidia-current/libGLcore.so.195.36.24
9025e000-9026d000 rwxp 00000000 00:00 0 
9026d000-90309000 r-xp 00000000 08:06 7870834    /usr/lib/nvidia-current/libGL.so.195.36.24
90309000-90323000 rwxp 0009b000 08:06 7870834    /usr/lib/nvidia-current/libGL.so.195.36.24
90323000-90332000 rwxp 00000000 00:00 0 
90332000-90335000 ---p 00000000 00:00 0 
90335000-90383000 rwxp 00000000 00:00 0 
90383000-90386000 ---p 00000000 00:00 0 
90386000-9040e000 rwxp 00000000 00:00 0 
90411000-90415000 rwxs 28cac000 00:05 6595       /dev/nvidia0
90415000-90419000 rwxs 2b57c000 00:05 6595       /dev/nvidia0
90419000-9043a000 rwxs 00000000 00:04 0          /SYSV00000000 (deleted)
9043a000-9043d000 ---p 00000000 00:00 0 
9043d000-9048b000 rwxp 00000000 00:00 0 
9048b000-9048f000 r-xp 00000000 08:06 7423141    /usr/lib/libXfixes.so.3.1.0
9048f000-90490000 r-xp 00003000 08:06 7423141    /usr/lib/libXfixes.so.3.1.0
90490000-90491000 rwxp 00004000 08:06 7423141    /usr/lib/libXfixes.so.3.1.0
90491000-90499000 r-xp 00000000 08:06 7423282    /usr/lib/libXrender.so.1.3.0
90499000-9049a000 r-xp 00007000 08:06 7423282    /usr/lib/libXrender.so.1.3.0
9049a000-9049b000 rwxp 00008000 08:06 7423282    /usr/lib/libXrender.so.1.3.0
9049b000-904a3000 r-xp 00000000 08:06 7424750    /usr/lib/libXcursor.so.1.0.2
904a3000-904a4000 r-xp 00007000 08:06 7424750    /usr/lib/libXcursor.so.1.0.2
904a4000-904a5000 rwxp 00008000 08:06 7424750    /usr/lib/libXcursor.so.1.0.2
904a5000-90523000 r-xp 00000000 08:06 10602666   /home/michael/progs/jdk1.6.0_04/jre/lib/i386/libfontmanager.so
90523000-9052d000 rwxp 0007e000 08:06 10602666   /home/michael/progs/jdk1.6.0_04/jre/lib/i386/libfontmanager.so
9052d000-90532000 rwxp 00000000 00:00 0 
90532000-90536000 r-xp 00000000 08:06 7422227    /usr/lib/libXdmcp.so.6.0.0
90536000-90537000 r-xp 00003000 08:06 7422227    /usr/lib/libXdmcp.so.6.0.0
90537000-90538000 rwxp 00004000 08:06 7422227    /usr/lib/libXdmcp.so.6.0.0
90538000-90550000 r-xp 00000000 08:06 7423084    /usr/lib/libxcb.so.1.1.0
90550000-90551000 r-xp 00017000 08:06 7423084    /usr/lib/libxcb.so.1.1.0
90551000-90552000 rwxp 00018000 08:06 7423084    /usr/lib/libxcb.so.1.1.0
90552000-90554000 r-xp 00000000 08:06 7422099    /usr/lib/libXau.so.6.0.0
90554000-90555000 r-xp 00001000 08:06 7422099    /usr/lib/libXau.so.6.0.0
90555000-90556000 rwxp 00002000 08:06 7422099    /usr/lib/libXau.so.6.0.0
90556000-90562000 r-xp 00000000 08:06 7423243    /usr/lib/libXi.so.6.1.0
90562000-90563000 r-xp 0000c000 08:06 7423243    /usr/lib/libXi.so.6.1.0
90563000-90564000 rwxp 0000d000 08:06 7423243    /usr/lib/libXi.so.6.1.0
90564000-9067d000 r-xp 00000000 08:06 7422903    /usr/lib/libX11.so.6.3.0
9067d000-9067e000 r-xp 00118000 08:06 7422903    /usr/lib/libX11.so.6.3.0
9067e000-90680000 rwxp 00119000 08:06 7422903    /usr/lib/libX11.so.6.3.0
90680000-90681000 rwxp 00000000 00:00 0 
90681000-9068f000 r-xp 00000000 08:06 7422423    /usr/lib/libXext.so.6.4.0
9068f000-90690000 r-xp 0000d000 08:06 7422423    /usr/lib/libXext.so.6.4.0
90690000-90691000 rwxp 0000e000 08:06 7422423    /usr/lib/libXext.so.6.4.0
90691000-90695000 r-xp 00000000 08:06 7423675    /usr/lib/libXtst.so.6.1.0
90695000-90696000 r-xp 00003000 08:06 7423675    /usr/lib/libXtst.so.6.1.0
90696000-90697000 rwxp 00004000 08:06 7423675    /usr/lib/libXtst.so.6.1.0
90697000-9069e000 r-xp 00000000 08:06 7422267    /usr/lib/libXp.so.6.2.0
9069e000-9069f000 r-xp 00006000 08:06 7422267    /usr/lib/libXp.so.6.2.0
9069f000-906a0000 rwxp 00007000 08:06 7422267    /usr/lib/libXp.so.6.2.0
906a1000-906a2000 rwxs d0057000 00:05 6595       /dev/nvidia0
906a2000-906a3000 rwxs 2b5cf000 00:05 6595       /dev/nvidia0
906a3000-906a7000 rwxs 2f323000 00:05 6595       /dev/nvidia0
906a7000-906a8000 rwxs 2f322000 00:05 6595       /dev/nvidia0
906a8000-906a9000 rwxs e5641000 00:05 6595       /dev/nvidia0
906a9000-906ab000 r-xp 00000000 08:06 7423280    /usr/lib/libXinerama.so.1.0.0
906ab000-906ac000 r-xp 00001000 08:06 7423280    /usr/lib/libXinerama.so.1.0.0
906ac000-906ad000 rwxp 00002000 08:06 7423280    /usr/lib/libXinerama.so.1.0.0
906ad000-906b1000 r-xp 00000000 08:06 7422097    /usr/lib/libXxf86vm.so.1.0.0
906b1000-906b2000 r-xp 00003000 08:06 7422097    /usr/lib/libXxf86vm.so.1.0.0
906b2000-906b3000 rwxp 00004000 08:06 7422097    /usr/lib/libXxf86vm.so.1.0.0
906b3000-906b8000 r-xp 00000000 08:06 11567832   /tmp/jogamp.tmp.cache_000000/jln26144/jln26145/libnativewindow_x11.so
906b8000-906b9000 r-xp 00004000 08:06 11567832   /tmp/jogamp.tmp.cache_000000/jln26144/jln26145/libnativewindow_x11.so
906b9000-906ba000 rwxp 00005000 08:06 11567832   /tmp/jogamp.tmp.cache_000000/jln26144/jln26145/libnativewindow_x11.so
906ba000-906bb000 r-xp 00000000 08:06 11567822   /tmp/jogamp.tmp.cache_000000/jln26144/jln26145/libnativewindow_awt.so
906bb000-906bc000 r-xp 00001000 08:06 11567822   /tmp/jogamp.tmp.cache_000000/jln26144/jln26145/libnativewindow_awt.so
906bc000-906bd000 rwxp 00002000 08:06 11567822   /tmp/jogamp.tmp.cache_000000/jln26144/jln26145/libnativewindow_awt.so
906bd000-90944000 r-xp 00000000 08:06 10602663   /home/michael/progs/jdk1.6.0_04/jre/lib/i386/motif21/libmawt.so
90944000-90956000 rwxp 00287000 08:06 10602663   /home/michael/progs/jdk1.6.0_04/jre/lib/i386/motif21/libmawt.so
90956000-9095a000 rwxp 00000000 00:00 0 
9095a000-909d5000 r-xp 00000000 08:06 10602658   /home/michael/progs/jdk1.6.0_04/jre/lib/i386/libawt.so
909d5000-909dc000 rwxp 0007b000 08:06 10602658   /home/michael/progs/jdk1.6.0_04/jre/lib/i386/libawt.so
909dc000-90a00000 rwxp 00000000 00:00 0 
90a00000-90afe000 rwxp 00000000 00:00 0 
90afe000-90b00000 ---p 00000000 00:00 0 
90b00000-90b02000 r-xp 00000000 08:06 11567814   /tmp/jogamp.tmp.cache_000000/jln26144/jln26145/libgluegen-rt.so
90b02000-90b03000 r-xp 00001000 08:06 11567814   /tmp/jogamp.tmp.cache_000000/jln26144/jln26145/libgluegen-rt.so
90b03000-90b04000 rwxp 00002000 08:06 11567814   /tmp/jogamp.tmp.cache_000000/jln26144/jln26145/libgluegen-rt.so
90b04000-90b07000 ---p 00000000 00:00 0 
90b07000-90b55000 rwxp 00000000 00:00 0 
90b55000-90b5c000 r-xp 00000000 08:06 10602648   /home/michael/progs/jdk1.6.0_04/jre/lib/i386/libnio.so
90b5c000-90b5d000 rwxp 00006000 08:06 10602648   /home/michael/progs/jdk1.6.0_04/jre/lib/i386/libnio.so
90b5d000-90b70000 r-xp 00000000 08:06 10602647   /home/michael/progs/jdk1.6.0_04/jre/lib/i386/libnet.so
90b70000-90b71000 rwxp 00013000 08:06 10602647   /home/michael/progs/jdk1.6.0_04/jre/lib/i386/libnet.so
90b71000-90b72000 r-xs 00022000 08:06 8096079    /home/michael/progs/jogamp-all-platforms/jar/jogl-all-natives-linux-i586.jar
90b72000-90b82000 r-xs 000a8000 08:06 8096088    /home/michael/progs/jogamp-all-platforms/jar/jogl.test.jar
90b82000-90b9c000 r-xs 00468000 08:06 8096087    /home/michael/progs/jogamp-all-platforms/jar/jogl.all.jar
90b9c000-90b9d000 r-xs 00002000 08:06 8096068    /home/michael/progs/jogamp-all-platforms/jar/jocl-natives-linux-i586.jar
90b9d000-90ba3000 r-xs 00071000 08:06 8096074    /home/michael/progs/jogamp-all-platforms/jar/jocl.jar
90ba3000-90ba4000 r-xs 0004d000 08:06 8096061    /home/michael/progs/jogamp-all-platforms/jar/joal-test.jar
90ba4000-90ba5000 r-xs 0001b000 08:06 8096052    /home/michael/progs/jogamp-all-platforms/jar/joal-natives-linux-i586.jar
90ba5000-90ba7000 r-xs 0000b000 08:06 8096062    /home/michael/progs/jogamp-all-platforms/jar/joal.jar
90ba7000-90ba8000 r-xs 00000000 08:06 8096037    /home/michael/progs/jogamp-all-platforms/jar/gluegen-rt-natives-linux-i586.jar
90ba8000-90bad000 r-xs 0002b000 08:06 8096046    /home/michael/progs/jogamp-all-platforms/jar/gluegen-rt.jar
90bad000-90bb5000 r-xs 00087000 08:06 8096047    /home/michael/progs/jogamp-all-platforms/jar/gluegen.jar
90bb5000-90bb6000 ---p 00000000 00:00 0 
90bb6000-90c36000 rwxp 00000000 00:00 0 
90c36000-90c39000 ---p 00000000 00:00 0 
90c39000-90c87000 rwxp 00000000 00:00 0 
90c87000-90c8a000 ---p 00000000 00:00 0 
90c8a000-90d08000 rwxp 00000000 00:00 0 
90d08000-90d0b000 ---p 00000000 00:00 0 
90d0b000-90d89000 rwxp 00000000 00:00 0 
90d89000-90d8c000 ---p 00000000 00:00 0 
90d8c000-90dda000 rwxp 00000000 00:00 0 
90dda000-90e19000 r-xp 00000000 08:06 7487520    /usr/lib/locale/en_US.utf8/LC_CTYPE
90e19000-90e1c000 ---p 00000000 00:00 0 
90e1c000-90e6a000 rwxp 00000000 00:00 0 
90e6a000-90e6d000 ---p 00000000 00:00 0 
90e6d000-90ebb000 rwxp 00000000 00:00 0 
90ebb000-90ebc000 ---p 00000000 00:00 0 
90ebc000-90f6e000 rwxp 00000000 00:00 0 
90f6e000-910f8000 r-xs 02de1000 08:06 10602731   /home/michael/progs/jdk1.6.0_04/jre/lib/rt.jar
910f8000-910f9000 ---p 00000000 00:00 0 
910f9000-91179000 rwxp 00000000 00:00 0 
91179000-9117a000 ---p 00000000 00:00 0 
9117a000-91202000 rwxp 00000000 00:00 0 
91202000-9121a000 rwxp 00000000 00:00 0 
9121a000-91228000 rwxp 00000000 00:00 0 
91228000-912f7000 rwxp 00000000 00:00 0 
912f7000-912ff000 rwxp 00000000 00:00 0 
912ff000-91317000 rwxp 00000000 00:00 0 
91317000-91325000 rwxp 00000000 00:00 0 
91325000-913f3000 rwxp 00000000 00:00 0 
913f3000-913f6000 rwxp 00000000 00:00 0 
913f6000-9140f000 rwxp 00000000 00:00 0 
9140f000-92410000 rwxp 00000000 00:00 0 
92410000-95410000 rwxp 00000000 00:00 0 
95410000-96fa0000 rwxp 00000000 00:00 0 
96fa0000-b0d00000 rwxp 00000000 00:00 0 
b0d00000-b1100000 rwxp 00000000 00:00 0 
b1100000-b4410000 rwxp 00000000 00:00 0 
b4410000-b4411000 rwxs 36571000 00:05 6595       /dev/nvidia0
b4411000-b4412000 rwxs e5060000 00:05 6595       /dev/nvidia0
b4412000-b441b000 rwxp 00000000 00:00 0 
b441b000-b44d2000 rwxp 00000000 00:00 0 
b44d2000-b4712000 rwxp 00000000 00:00 0 
b4712000-b74d2000 rwxp 00000000 00:00 0 
b74d2000-b74e1000 r-xp 00000000 08:06 10602643   /home/michael/progs/jdk1.6.0_04/jre/lib/i386/libzip.so
b74e1000-b74e3000 rwxp 0000e000 08:06 10602643   /home/michael/progs/jdk1.6.0_04/jre/lib/i386/libzip.so
b74e3000-b7506000 r-xp 00000000 08:06 10602639   /home/michael/progs/jdk1.6.0_04/jre/lib/i386/libjava.so
b7506000-b7508000 rwxp 00023000 08:06 10602639   /home/michael/progs/jdk1.6.0_04/jre/lib/i386/libjava.so
b7508000-b7512000 r-xp 00000000 08:06 1198104    /lib/tls/i686/cmov/libnss_files-2.11.1.so
b7512000-b7513000 r-xp 00009000 08:06 1198104    /lib/tls/i686/cmov/libnss_files-2.11.1.so
b7513000-b7514000 rwxp 0000a000 08:06 1198104    /lib/tls/i686/cmov/libnss_files-2.11.1.so
b7514000-b7527000 r-xp 00000000 08:06 1198115    /lib/tls/i686/cmov/libnsl-2.11.1.so
b7527000-b7528000 r-xp 00012000 08:06 1198115    /lib/tls/i686/cmov/libnsl-2.11.1.so
b7528000-b7529000 rwxp 00013000 08:06 1198115    /lib/tls/i686/cmov/libnsl-2.11.1.so
b7529000-b752b000 rwxp 00000000 00:00 0 
b752b000-b752c000 r-xp 00000000 08:06 9814782    /usr/lib/nvidia-current/tls/libnvidia-tls.so.195.36.24
b752c000-b752d000 rwxp 00000000 08:06 9814782    /usr/lib/nvidia-current/tls/libnvidia-tls.so.195.36.24
b752d000-b7534000 r-xs 00000000 08:06 6210455    /usr/lib/gconv/gconv-modules.cache
b7534000-b753f000 r-xp 00000000 08:06 10602638   /home/michael/progs/jdk1.6.0_04/jre/lib/i386/libverify.so
b753f000-b7540000 rwxp 0000b000 08:06 10602638   /home/michael/progs/jdk1.6.0_04/jre/lib/i386/libverify.so
b7540000-b7548000 rwxs 00000000 08:06 11567757   /tmp/hsperfdata_michael/9170
b7548000-b754f000 r-xp 00000000 08:06 1198108    /lib/tls/i686/cmov/librt-2.11.1.so
b754f000-b7550000 r-xp 00006000 08:06 1198108    /lib/tls/i686/cmov/librt-2.11.1.so
b7550000-b7551000 rwxp 00007000 08:06 1198108    /lib/tls/i686/cmov/librt-2.11.1.so
b7551000-b7554000 ---p 00000000 00:00 0 
b7554000-b75a2000 rwxp 00000000 00:00 0 
b75a2000-b75c6000 r-xp 00000000 08:06 1198109    /lib/tls/i686/cmov/libm-2.11.1.so
b75c6000-b75c7000 r-xp 00023000 08:06 1198109    /lib/tls/i686/cmov/libm-2.11.1.so
b75c7000-b75c8000 rwxp 00024000 08:06 1198109    /lib/tls/i686/cmov/libm-2.11.1.so
b75c8000-b75c9000 rwxp 00000000 00:00 0 
b75c9000-b7722000 r-xp 00000000 08:06 1198107    /lib/tls/i686/cmov/libc-2.11.1.so
b7722000-b7724000 r-xp 00159000 08:06 1198107    /lib/tls/i686/cmov/libc-2.11.1.so
b7724000-b7725000 rwxp 0015b000 08:06 1198107    /lib/tls/i686/cmov/libc-2.11.1.so
b7725000-b7728000 rwxp 00000000 00:00 0 
b7728000-b772a000 r-xp 00000000 08:06 1198117    /lib/tls/i686/cmov/libdl-2.11.1.so
b772a000-b772b000 r-xp 00001000 08:06 1198117    /lib/tls/i686/cmov/libdl-2.11.1.so
b772b000-b772c000 rwxp 00002000 08:06 1198117    /lib/tls/i686/cmov/libdl-2.11.1.so
b772c000-b7733000 r-xp 00000000 08:06 10602641   /home/michael/progs/jdk1.6.0_04/jre/lib/i386/jli/libjli.so
b7733000-b7735000 rwxp 00006000 08:06 10602641   /home/michael/progs/jdk1.6.0_04/jre/lib/i386/jli/libjli.so
b7735000-b7736000 rwxp 00000000 00:00 0 
b7736000-b774b000 r-xp 00000000 08:06 1198114    /lib/tls/i686/cmov/libpthread-2.11.1.so
b774b000-b774c000 r-xp 00014000 08:06 1198114    /lib/tls/i686/cmov/libpthread-2.11.1.so
b774c000-b774d000 rwxp 00015000 08:06 1198114    /lib/tls/i686/cmov/libpthread-2.11.1.so
b774d000-b774f000 rwxp 00000000 00:00 0 
b774f000-b7750000 r-xp 00000000 08:06 10602672   /home/michael/progs/jdk1.6.0_04/jre/lib/i386/libjawt.so
b7750000-b7751000 rwxp 00000000 08:06 10602672   /home/michael/progs/jdk1.6.0_04/jre/lib/i386/libjawt.so
b7751000-b7759000 r-xp 00000000 08:06 1198097    /lib/tls/i686/cmov/libnss_nis-2.11.1.so
b7759000-b775a000 r-xp 00007000 08:06 1198097    /lib/tls/i686/cmov/libnss_nis-2.11.1.so
b775a000-b775b000 rwxp 00008000 08:06 1198097    /lib/tls/i686/cmov/libnss_nis-2.11.1.so
b775b000-b7761000 r-xp 00000000 08:06 1198118    /lib/tls/i686/cmov/libnss_compat-2.11.1.so
b7761000-b7762000 r-xp 00006000 08:06 1198118    /lib/tls/i686/cmov/libnss_compat-2.11.1.so
b7762000-b7763000 rwxp 00007000 08:06 1198118    /lib/tls/i686/cmov/libnss_compat-2.11.1.so
b7763000-b7769000 r-xp 00000000 08:06 10602625   /home/michael/progs/jdk1.6.0_04/jre/lib/i386/native_threads/libhpi.so
b7769000-b776a000 rwxp 00006000 08:06 10602625   /home/michael/progs/jdk1.6.0_04/jre/lib/i386/native_threads/libhpi.so
b776a000-b776b000 rwxp 00000000 00:00 0 
b776b000-b776c000 r-xp 00000000 00:00 0 
b776c000-b776e000 rwxp 00000000 00:00 0 
b776e000-b776f000 r-xp 00000000 00:00 0          [vdso]
b776f000-b778a000 r-xp 00000000 08:06 10928302   /lib/ld-2.11.1.so
b778a000-b778b000 r-xp 0001a000 08:06 10928302   /lib/ld-2.11.1.so
b778b000-b778c000 rwxp 0001b000 08:06 10928302   /lib/ld-2.11.1.so
bf9cf000-bf9e4000 rwxp 00000000 00:00 0          [stack]

VM Arguments:
jvm_args: -Dfile.encoding=UTF-8 
java_command: com.maky.App
Launcher Type: SUN_STANDARD

Environment Variables:
PATH=/usr/local/sbin:/usr/local/bin:/usr/sbin:/usr/bin:/sbin:/bin:/usr/games
USERNAME=michael
LD_LIBRARY_PATH=/home/michael/progs/jdk1.6.0_04/jre/lib/i386/server:/home/michael/progs/jdk1.6.0_04/jre/lib/i386:/home/michael/progs/jdk1.6.0_04/jre/../lib/i386:/home/michael/progs/jdk1.6.0_04/jre/lib/i386/client:/home/michael/progs/jdk1.6.0_04/jre/lib/i386:
SHELL=/bin/bash
DISPLAY=:0.0

Signal Handlers:
SIGSEGV: [libjvm.so+0x5ed7c0], sa_mask[0]=0x7ffbfeff, sa_flags=0x10000004
SIGBUS: [libjvm.so+0x5ed7c0], sa_mask[0]=0x7ffbfeff, sa_flags=0x10000004
SIGFPE: [libjvm.so+0x4fc230], sa_mask[0]=0x7ffbfeff, sa_flags=0x10000004
SIGPIPE: [libjvm.so+0x4fc230], sa_mask[0]=0x7ffbfeff, sa_flags=0x10000004
SIGXFSZ: [libjvm.so+0x4fc230], sa_mask[0]=0x7ffbfeff, sa_flags=0x10000004
SIGILL: [libjvm.so+0x4fc230], sa_mask[0]=0x7ffbfeff, sa_flags=0x10000004
SIGUSR1: SIG_DFL, sa_mask[0]=0x00000000, sa_flags=0x00000000
SIGUSR2: [libjvm.so+0x4fe270], sa_mask[0]=0x00000004, sa_flags=0x10000004
SIGHUP: [libjvm.so+0x4fe010], sa_mask[0]=0x7ffbfeff, sa_flags=0x10000004
SIGINT: [libjvm.so+0x4fe010], sa_mask[0]=0x7ffbfeff, sa_flags=0x10000004
SIGTERM: [libjvm.so+0x4fe010], sa_mask[0]=0x7ffbfeff, sa_flags=0x10000004
SIGQUIT: [libjvm.so+0x4fe010], sa_mask[0]=0x7ffbfeff, sa_flags=0x10000004


---------------  S Y S T E M  ---------------

OS:squeeze/sid

uname:Linux 2.6.32-24-generic #43-Ubuntu SMP Thu Sep 16 14:17:33 UTC 2010 i686
libc:glibc 2.11.1 NPTL 2.11.1 
rlimit: STACK 8192k, CORE 0k, NPROC infinity, NOFILE 1024, AS infinity
load average:1.67 1.43 1.34

CPU:total 2 (2 cores per cpu, 1 threads per core) family 6 model 15 stepping 11, cmov, cx8, fxsr, mmx, sse, sse2, sse3, ssse3

Memory: 4k page, physical 2029056k(50312k free), swap 4096532k(4092524k free)

vm_info: Java HotSpot(TM) Server VM (10.0-b19) for linux-x86 JRE (1.6.0_04-b12), built on Dec 14 2007 00:57:07 by "java_re" with gcc 3.2.1-7a (J2SE release)

time: Thu Oct  4 16:42:05 2012
elapsed time: 5 seconds

