#
# An unexpected error has been detected by Java Runtime Environment:
#
#  Internal Error (classFileParser.cpp:2924), pid=6881, tid=3075779440
#  Error: ShouldNotReachHere()
#
# Java VM: Java HotSpot(TM) Server VM (10.0-b19 mixed mode linux-x86)
# If you would like to submit a bug report, please visit:
#   http://java.sun.com/webapps/bugreport/crash.jsp
#

---------------  T H R E A D  ---------------

Current thread (0x0a043c00):  JavaThread "Unknown thread" [_thread_in_vm, id=6886, stack(0xb74fa000,0xb754b000)]

Stack: [0xb74fa000,0xb754b000],  sp=0xb7549a90,  free space=318k
Native frames: (J=compiled Java code, j=interpreted, Vv=VM code, C=native code)
V  [libjvm.so+0x5ecc19]
V  [libjvm.so+0x2cac60]
V  [libjvm.so+0x27d53d]
V  [libjvm.so+0x2822a2]
V  [libjvm.so+0x59956c]
V  [libjvm.so+0x5981b5]
V  [libjvm.so+0x597227]
V  [libjvm.so+0x596f32]
V  [libjvm.so+0x59ad3d]
V  [libjvm.so+0x59a929]
V  [libjvm.so+0x5cb4fa]
V  [libjvm.so+0x5cca2f]
V  [libjvm.so+0x34a248]
V  [libjvm.so+0x5b9086]
V  [libjvm.so+0x39c293]
C  [java+0x2fcc]
C  [java+0x1942]  JavaMain+0x72
C  [libpthread.so.0+0x596e]


---------------  P R O C E S S  ---------------

Java Threads: ( => current thread )

Other Threads:

=>0x0a043c00 (exited) JavaThread "Unknown thread" [_thread_in_vm, id=6886, stack(0xb74fa000,0xb754b000)]

VM state:not at safepoint (not fully initialized)

VM Mutex/Monitor currently owned by a thread: None

Dynamic libraries:
06000000-0665c000 r-xp 00000000 08:06 10602627   /home/michael/progs/jdk1.6.0_04/jre/lib/i386/server/libjvm.so
0665c000-066a0000 rwxp 0065c000 08:06 10602627   /home/michael/progs/jdk1.6.0_04/jre/lib/i386/server/libjvm.so
066a0000-06ac2000 rwxp 00000000 00:00 0 
08048000-08052000 r-xp 00000000 08:06 10617505   /home/michael/progs/jdk1.6.0_04/bin/java
08052000-08053000 rwxp 00009000 08:06 10617505   /home/michael/progs/jdk1.6.0_04/bin/java
0a03e000-0a0a3000 rwxp 00000000 00:00 0          [heap]
90f00000-90f21000 rwxp 00000000 00:00 0 
90f21000-91000000 ---p 00000000 00:00 0 
91039000-91098000 r-xs 00492000 08:06 3752151    /home/michael/progs/android-sdk-linux_86/platforms/android-7/android.jar
91098000-91099000 ---p 00000000 00:00 0 
91099000-91119000 rwxp 00000000 00:00 0 
91119000-9111a000 ---p 00000000 00:00 0 
9111a000-911a2000 rwxp 00000000 00:00 0 
911a2000-911ba000 rwxp 00000000 00:00 0 
911ba000-911c8000 rwxp 00000000 00:00 0 
911c8000-91297000 rwxp 00000000 00:00 0 
91297000-9129f000 rwxp 00000000 00:00 0 
9129f000-912b7000 rwxp 00000000 00:00 0 
912b7000-912c5000 rwxp 00000000 00:00 0 
912c5000-91393000 rwxp 00000000 00:00 0 
91393000-91396000 rwxp 00000000 00:00 0 
91396000-913af000 rwxp 00000000 00:00 0 
913af000-923b0000 rwxp 00000000 00:00 0 
923b0000-953b0000 rwxp 00000000 00:00 0 
953b0000-96f40000 rwxp 00000000 00:00 0 
96f40000-b0ca0000 rwxp 00000000 00:00 0 
b0ca0000-b10a0000 rwxp 00000000 00:00 0 
b10a0000-b43b0000 rwxp 00000000 00:00 0 
b43bb000-b43c4000 rwxp 00000000 00:00 0 
b43c4000-b447b000 rwxp 00000000 00:00 0 
b447b000-b46bb000 rwxp 00000000 00:00 0 
b46bb000-b747b000 rwxp 00000000 00:00 0 
b747b000-b748a000 r-xp 00000000 08:06 10602643   /home/michael/progs/jdk1.6.0_04/jre/lib/i386/libzip.so
b748a000-b748c000 rwxp 0000e000 08:06 10602643   /home/michael/progs/jdk1.6.0_04/jre/lib/i386/libzip.so
b748c000-b74af000 r-xp 00000000 08:06 10602639   /home/michael/progs/jdk1.6.0_04/jre/lib/i386/libjava.so
b74af000-b74b1000 rwxp 00023000 08:06 10602639   /home/michael/progs/jdk1.6.0_04/jre/lib/i386/libjava.so
b74b1000-b74bb000 r-xp 00000000 08:06 1196259    /lib/tls/i686/cmov/libnss_files-2.11.1.so
b74bb000-b74bc000 r-xp 00009000 08:06 1196259    /lib/tls/i686/cmov/libnss_files-2.11.1.so
b74bc000-b74bd000 rwxp 0000a000 08:06 1196259    /lib/tls/i686/cmov/libnss_files-2.11.1.so
b74bd000-b74d0000 r-xp 00000000 08:06 1196256    /lib/tls/i686/cmov/libnsl-2.11.1.so
b74d0000-b74d1000 r-xp 00012000 08:06 1196256    /lib/tls/i686/cmov/libnsl-2.11.1.so
b74d1000-b74d2000 rwxp 00013000 08:06 1196256    /lib/tls/i686/cmov/libnsl-2.11.1.so
b74d2000-b74d4000 rwxp 00000000 00:00 0 
b74dd000-b74e8000 r-xp 00000000 08:06 10602638   /home/michael/progs/jdk1.6.0_04/jre/lib/i386/libverify.so
b74e8000-b74e9000 rwxp 0000b000 08:06 10602638   /home/michael/progs/jdk1.6.0_04/jre/lib/i386/libverify.so
b74e9000-b74f1000 rwxs 00000000 08:06 11567324   /tmp/hsperfdata_michael/6881
b74f1000-b74f8000 r-xp 00000000 08:06 1196266    /lib/tls/i686/cmov/librt-2.11.1.so
b74f8000-b74f9000 r-xp 00006000 08:06 1196266    /lib/tls/i686/cmov/librt-2.11.1.so
b74f9000-b74fa000 rwxp 00007000 08:06 1196266    /lib/tls/i686/cmov/librt-2.11.1.so
b74fa000-b74fd000 ---p 00000000 00:00 0 
b74fd000-b754b000 rwxp 00000000 00:00 0 
b754b000-b756f000 r-xp 00000000 08:06 1196252    /lib/tls/i686/cmov/libm-2.11.1.so
b756f000-b7570000 r-xp 00023000 08:06 1196252    /lib/tls/i686/cmov/libm-2.11.1.so
b7570000-b7571000 rwxp 00024000 08:06 1196252    /lib/tls/i686/cmov/libm-2.11.1.so
b7571000-b7572000 rwxp 00000000 00:00 0 
b7572000-b76c5000 r-xp 00000000 08:06 1196247    /lib/tls/i686/cmov/libc-2.11.1.so
b76c5000-b76c6000 ---p 00153000 08:06 1196247    /lib/tls/i686/cmov/libc-2.11.1.so
b76c6000-b76c8000 r-xp 00153000 08:06 1196247    /lib/tls/i686/cmov/libc-2.11.1.so
b76c8000-b76c9000 rwxp 00155000 08:06 1196247    /lib/tls/i686/cmov/libc-2.11.1.so
b76c9000-b76cc000 rwxp 00000000 00:00 0 
b76cc000-b76ce000 r-xp 00000000 08:06 1196250    /lib/tls/i686/cmov/libdl-2.11.1.so
b76ce000-b76cf000 r-xp 00001000 08:06 1196250    /lib/tls/i686/cmov/libdl-2.11.1.so
b76cf000-b76d0000 rwxp 00002000 08:06 1196250    /lib/tls/i686/cmov/libdl-2.11.1.so
b76d0000-b76d7000 r-xp 00000000 08:06 10602641   /home/michael/progs/jdk1.6.0_04/jre/lib/i386/jli/libjli.so
b76d7000-b76d9000 rwxp 00006000 08:06 10602641   /home/michael/progs/jdk1.6.0_04/jre/lib/i386/jli/libjli.so
b76d9000-b76da000 rwxp 00000000 00:00 0 
b76da000-b76ef000 r-xp 00000000 08:06 1196264    /lib/tls/i686/cmov/libpthread-2.11.1.so
b76ef000-b76f0000 r-xp 00014000 08:06 1196264    /lib/tls/i686/cmov/libpthread-2.11.1.so
b76f0000-b76f1000 rwxp 00015000 08:06 1196264    /lib/tls/i686/cmov/libpthread-2.11.1.so
b76f1000-b76f3000 rwxp 00000000 00:00 0 
b76f5000-b76fd000 r-xp 00000000 08:06 1196261    /lib/tls/i686/cmov/libnss_nis-2.11.1.so
b76fd000-b76fe000 r-xp 00007000 08:06 1196261    /lib/tls/i686/cmov/libnss_nis-2.11.1.so
b76fe000-b76ff000 rwxp 00008000 08:06 1196261    /lib/tls/i686/cmov/libnss_nis-2.11.1.so
b76ff000-b7705000 r-xp 00000000 08:06 1196257    /lib/tls/i686/cmov/libnss_compat-2.11.1.so
b7705000-b7706000 r-xp 00006000 08:06 1196257    /lib/tls/i686/cmov/libnss_compat-2.11.1.so
b7706000-b7707000 rwxp 00007000 08:06 1196257    /lib/tls/i686/cmov/libnss_compat-2.11.1.so
b7707000-b770d000 r-xp 00000000 08:06 10602625   /home/michael/progs/jdk1.6.0_04/jre/lib/i386/native_threads/libhpi.so
b770d000-b770e000 rwxp 00006000 08:06 10602625   /home/michael/progs/jdk1.6.0_04/jre/lib/i386/native_threads/libhpi.so
b770e000-b770f000 rwxp 00000000 00:00 0 
b770f000-b7710000 r-xp 00000000 00:00 0 
b7710000-b7712000 rwxp 00000000 00:00 0 
b7712000-b7713000 r-xp 00000000 00:00 0          [vdso]
b7713000-b772e000 r-xp 00000000 08:06 1164659    /lib/ld-2.11.1.so
b772e000-b772f000 r-xp 0001a000 08:06 1164659    /lib/ld-2.11.1.so
b772f000-b7730000 rwxp 0001b000 08:06 1164659    /lib/ld-2.11.1.so
bfe1e000-bfe33000 rwxp 00000000 00:00 0          [stack]

VM Arguments:
jvm_args: -Dfile.encoding=UTF-8 -Xbootclasspath:/home/michael/progs/android-sdk-linux_86/platforms/android-7/android.jar 
java_command: com.maky.demo.graph.Model2D
Launcher Type: SUN_STANDARD

Environment Variables:
PATH=/usr/local/sbin:/usr/local/bin:/usr/sbin:/usr/bin:/sbin:/bin:/usr/games
USERNAME=michael
LD_LIBRARY_PATH=/home/michael/progs/jdk1.6.0_04/jre/lib/i386/server:/home/michael/progs/jdk1.6.0_04/jre/lib/i386:/home/michael/progs/jdk1.6.0_04/jre/../lib/i386:/home/michael/progs/jre1.6.0_29/lib/i386/client:/home/michael/progs/jre1.6.0_29/lib/i386:
SHELL=/bin/bash
DISPLAY=:0.0

Signal Handlers:
SIGSEGV: [libjvm.so+0x5ed7c0], sa_mask[0]=0x7ffbfeff, sa_flags=0x10000004
SIGBUS: [libjvm.so+0x5ed7c0], sa_mask[0]=0x7ffbfeff, sa_flags=0x10000004
SIGFPE: [libjvm.so+0x4fc230], sa_mask[0]=0x7ffbfeff, sa_flags=0x10000004
SIGPIPE: [libjvm.so+0x4fc230], sa_mask[0]=0x7ffbfeff, sa_flags=0x10000004
SIGXFSZ: [libjvm.so+0x4fc230], sa_mask[0]=0x7ffbfeff, sa_flags=0x10000004
SIGILL: [libjvm.so+0x4fc230], sa_mask[0]=0x7ffbfeff, sa_flags=0x10000004
SIGUSR1: SIG_DFL, sa_mask[0]=0x00000000, sa_flags=0x00000000
SIGUSR2: [libjvm.so+0x4fe270], sa_mask[0]=0x00000004, sa_flags=0x10000004
SIGHUP: SIG_DFL, sa_mask[0]=0x00000000, sa_flags=0x00000000
SIGINT: SIG_DFL, sa_mask[0]=0x00000000, sa_flags=0x00000000
SIGTERM: SIG_DFL, sa_mask[0]=0x00000000, sa_flags=0x00000000
SIGQUIT: SIG_DFL, sa_mask[0]=0x00000000, sa_flags=0x00000000


---------------  S Y S T E M  ---------------

OS:squeeze/sid

uname:Linux 2.6.32-24-generic #43-Ubuntu SMP Thu Sep 16 14:17:33 UTC 2010 i686
libc:glibc 2.11.1 NPTL 2.11.1 
rlimit: STACK 8192k, CORE 0k, NPROC infinity, NOFILE 1024, AS infinity
load average:2.06 1.88 1.79

CPU:total 2 (2 cores per cpu, 1 threads per core) family 6 model 15 stepping 11, cmov, cx8, fxsr, mmx, sse, sse2, sse3, ssse3

Memory: 4k page, physical 2029056k(52032k free), swap 4096532k(4066624k free)

vm_info: Java HotSpot(TM) Server VM (10.0-b19) for linux-x86 JRE (1.6.0_04-b12), built on Dec 14 2007 00:57:07 by "java_re" with gcc 3.2.1-7a (J2SE release)

time: Mon Dec  5 13:39:51 2011
elapsed time: 0 seconds

