#
# An unexpected error has been detected by Java Runtime Environment:
#
#  Internal Error (classFileParser.cpp:2924), pid=11790, tid=3077487472
#  Error: ShouldNotReachHere()
#
# Java VM: Java HotSpot(TM) Server VM (10.0-b19 mixed mode linux-x86)
# If you would like to submit a bug report, please visit:
#   http://java.sun.com/webapps/bugreport/crash.jsp
#

---------------  T H R E A D  ---------------

Current thread (0x08384c00):  JavaThread "Unknown thread" [_thread_in_vm, id=11796, stack(0xb769b000,0xb76ec000)]

Stack: [0xb769b000,0xb76ec000],  sp=0xb76eaa90,  free space=318k
Native frames: (J=compiled Java code, j=interpreted, Vv=VM code, C=native code)
V  [libjvm.so+0x5ecc19]
V  [libjvm.so+0x2cac60]
V  [libjvm.so+0x27d53d]
V  [libjvm.so+0x2822a2]
V  [libjvm.so+0x59956c]
V  [libjvm.so+0x5981b5]
V  [libjvm.so+0x597227]
V  [libjvm.so+0x596f32]
V  [libjvm.so+0x59ad3d]
V  [libjvm.so+0x59a929]
V  [libjvm.so+0x5cb4fa]
V  [libjvm.so+0x5cca2f]
V  [libjvm.so+0x34a248]
V  [libjvm.so+0x5b9086]
V  [libjvm.so+0x39c293]
C  [java+0x2fcc]
C  [java+0x1942]  JavaMain+0x72
C  [libpthread.so.0+0x596e]


---------------  P R O C E S S  ---------------

Java Threads: ( => current thread )

Other Threads:

=>0x08384c00 (exited) JavaThread "Unknown thread" [_thread_in_vm, id=11796, stack(0xb769b000,0xb76ec000)]

VM state:not at safepoint (not fully initialized)

VM Mutex/Monitor currently owned by a thread: None

Dynamic libraries:
06000000-0665c000 r-xp 00000000 08:06 10602627   /home/michael/progs/jdk1.6.0_04/jre/lib/i386/server/libjvm.so
0665c000-066a0000 rwxp 0065c000 08:06 10602627   /home/michael/progs/jdk1.6.0_04/jre/lib/i386/server/libjvm.so
066a0000-06ac2000 rwxp 00000000 00:00 0 
08048000-08052000 r-xp 00000000 08:06 10617505   /home/michael/progs/jdk1.6.0_04/bin/java
08052000-08053000 rwxp 00009000 08:06 10617505   /home/michael/progs/jdk1.6.0_04/bin/java
0837f000-083a0000 rwxp 00000000 00:00 0          [heap]
910a1000-91100000 r-xs 00492000 08:06 3752151    /home/michael/progs/android-sdk-linux_86/platforms/android-7/android.jar
91100000-91153000 rwxp 00000000 00:00 0 
91153000-91200000 ---p 00000000 00:00 0 
91238000-91239000 ---p 00000000 00:00 0 
91239000-912b9000 rwxp 00000000 00:00 0 
912b9000-912ba000 ---p 00000000 00:00 0 
912ba000-91342000 rwxp 00000000 00:00 0 
91342000-9135a000 rwxp 00000000 00:00 0 
9135a000-91368000 rwxp 00000000 00:00 0 
91368000-91437000 rwxp 00000000 00:00 0 
91437000-9143f000 rwxp 00000000 00:00 0 
9143f000-91457000 rwxp 00000000 00:00 0 
91457000-91465000 rwxp 00000000 00:00 0 
91465000-91533000 rwxp 00000000 00:00 0 
91533000-91536000 rwxp 00000000 00:00 0 
91536000-9154f000 rwxp 00000000 00:00 0 
9154f000-92550000 rwxp 00000000 00:00 0 
92550000-95550000 rwxp 00000000 00:00 0 
95550000-970e0000 rwxp 00000000 00:00 0 
970e0000-b0e40000 rwxp 00000000 00:00 0 
b0e40000-b1240000 rwxp 00000000 00:00 0 
b1240000-b4550000 rwxp 00000000 00:00 0 
b455c000-b4565000 rwxp 00000000 00:00 0 
b4565000-b461c000 rwxp 00000000 00:00 0 
b461c000-b485c000 rwxp 00000000 00:00 0 
b485c000-b761c000 rwxp 00000000 00:00 0 
b761c000-b762b000 r-xp 00000000 08:06 10602643   /home/michael/progs/jdk1.6.0_04/jre/lib/i386/libzip.so
b762b000-b762d000 rwxp 0000e000 08:06 10602643   /home/michael/progs/jdk1.6.0_04/jre/lib/i386/libzip.so
b762d000-b7650000 r-xp 00000000 08:06 10602639   /home/michael/progs/jdk1.6.0_04/jre/lib/i386/libjava.so
b7650000-b7652000 rwxp 00023000 08:06 10602639   /home/michael/progs/jdk1.6.0_04/jre/lib/i386/libjava.so
b7652000-b765c000 r-xp 00000000 08:06 1196259    /lib/tls/i686/cmov/libnss_files-2.11.1.so
b765c000-b765d000 r-xp 00009000 08:06 1196259    /lib/tls/i686/cmov/libnss_files-2.11.1.so
b765d000-b765e000 rwxp 0000a000 08:06 1196259    /lib/tls/i686/cmov/libnss_files-2.11.1.so
b765e000-b7671000 r-xp 00000000 08:06 1196256    /lib/tls/i686/cmov/libnsl-2.11.1.so
b7671000-b7672000 r-xp 00012000 08:06 1196256    /lib/tls/i686/cmov/libnsl-2.11.1.so
b7672000-b7673000 rwxp 00013000 08:06 1196256    /lib/tls/i686/cmov/libnsl-2.11.1.so
b7673000-b7675000 rwxp 00000000 00:00 0 
b767e000-b7689000 r-xp 00000000 08:06 10602638   /home/michael/progs/jdk1.6.0_04/jre/lib/i386/libverify.so
b7689000-b768a000 rwxp 0000b000 08:06 10602638   /home/michael/progs/jdk1.6.0_04/jre/lib/i386/libverify.so
b768a000-b7692000 rwxs 00000000 08:06 11567494   /tmp/hsperfdata_michael/11790
b7692000-b7699000 r-xp 00000000 08:06 1196266    /lib/tls/i686/cmov/librt-2.11.1.so
b7699000-b769a000 r-xp 00006000 08:06 1196266    /lib/tls/i686/cmov/librt-2.11.1.so
b769a000-b769b000 rwxp 00007000 08:06 1196266    /lib/tls/i686/cmov/librt-2.11.1.so
b769b000-b769e000 ---p 00000000 00:00 0 
b769e000-b76ec000 rwxp 00000000 00:00 0 
b76ec000-b7710000 r-xp 00000000 08:06 1196252    /lib/tls/i686/cmov/libm-2.11.1.so
b7710000-b7711000 r-xp 00023000 08:06 1196252    /lib/tls/i686/cmov/libm-2.11.1.so
b7711000-b7712000 rwxp 00024000 08:06 1196252    /lib/tls/i686/cmov/libm-2.11.1.so
b7712000-b7713000 rwxp 00000000 00:00 0 
b7713000-b7866000 r-xp 00000000 08:06 1196247    /lib/tls/i686/cmov/libc-2.11.1.so
b7866000-b7867000 ---p 00153000 08:06 1196247    /lib/tls/i686/cmov/libc-2.11.1.so
b7867000-b7869000 r-xp 00153000 08:06 1196247    /lib/tls/i686/cmov/libc-2.11.1.so
b7869000-b786a000 rwxp 00155000 08:06 1196247    /lib/tls/i686/cmov/libc-2.11.1.so
b786a000-b786d000 rwxp 00000000 00:00 0 
b786d000-b786f000 r-xp 00000000 08:06 1196250    /lib/tls/i686/cmov/libdl-2.11.1.so
b786f000-b7870000 r-xp 00001000 08:06 1196250    /lib/tls/i686/cmov/libdl-2.11.1.so
b7870000-b7871000 rwxp 00002000 08:06 1196250    /lib/tls/i686/cmov/libdl-2.11.1.so
b7871000-b7878000 r-xp 00000000 08:06 10602641   /home/michael/progs/jdk1.6.0_04/jre/lib/i386/jli/libjli.so
b7878000-b787a000 rwxp 00006000 08:06 10602641   /home/michael/progs/jdk1.6.0_04/jre/lib/i386/jli/libjli.so
b787a000-b787b000 rwxp 00000000 00:00 0 
b787b000-b7890000 r-xp 00000000 08:06 1196264    /lib/tls/i686/cmov/libpthread-2.11.1.so
b7890000-b7891000 r-xp 00014000 08:06 1196264    /lib/tls/i686/cmov/libpthread-2.11.1.so
b7891000-b7892000 rwxp 00015000 08:06 1196264    /lib/tls/i686/cmov/libpthread-2.11.1.so
b7892000-b7894000 rwxp 00000000 00:00 0 
b7896000-b789e000 r-xp 00000000 08:06 1196261    /lib/tls/i686/cmov/libnss_nis-2.11.1.so
b789e000-b789f000 r-xp 00007000 08:06 1196261    /lib/tls/i686/cmov/libnss_nis-2.11.1.so
b789f000-b78a0000 rwxp 00008000 08:06 1196261    /lib/tls/i686/cmov/libnss_nis-2.11.1.so
b78a0000-b78a6000 r-xp 00000000 08:06 1196257    /lib/tls/i686/cmov/libnss_compat-2.11.1.so
b78a6000-b78a7000 r-xp 00006000 08:06 1196257    /lib/tls/i686/cmov/libnss_compat-2.11.1.so
b78a7000-b78a8000 rwxp 00007000 08:06 1196257    /lib/tls/i686/cmov/libnss_compat-2.11.1.so
b78a8000-b78ae000 r-xp 00000000 08:06 10602625   /home/michael/progs/jdk1.6.0_04/jre/lib/i386/native_threads/libhpi.so
b78ae000-b78af000 rwxp 00006000 08:06 10602625   /home/michael/progs/jdk1.6.0_04/jre/lib/i386/native_threads/libhpi.so
b78af000-b78b0000 rwxp 00000000 00:00 0 
b78b0000-b78b1000 r-xp 00000000 00:00 0 
b78b1000-b78b3000 rwxp 00000000 00:00 0 
b78b3000-b78b4000 r-xp 00000000 00:00 0          [vdso]
b78b4000-b78cf000 r-xp 00000000 08:06 1164659    /lib/ld-2.11.1.so
b78cf000-b78d0000 r-xp 0001a000 08:06 1164659    /lib/ld-2.11.1.so
b78d0000-b78d1000 rwxp 0001b000 08:06 1164659    /lib/ld-2.11.1.so
bfd05000-bfd1a000 rwxp 00000000 00:00 0          [stack]

VM Arguments:
jvm_args: -Dfile.encoding=UTF-8 -Xbootclasspath:/home/michael/progs/android-sdk-linux_86/platforms/android-7/android.jar 
java_command: com.maky.demo.graph.Surface
Launcher Type: SUN_STANDARD

Environment Variables:
PATH=/usr/local/sbin:/usr/local/bin:/usr/sbin:/usr/bin:/sbin:/bin:/usr/games
USERNAME=michael
LD_LIBRARY_PATH=/home/michael/progs/jdk1.6.0_04/jre/lib/i386/server:/home/michael/progs/jdk1.6.0_04/jre/lib/i386:/home/michael/progs/jdk1.6.0_04/jre/../lib/i386:/home/michael/progs/jdk1.6.0_04/jre/lib/i386/client:/home/michael/progs/jdk1.6.0_04/jre/lib/i386:
SHELL=/bin/bash
DISPLAY=:0.0

Signal Handlers:
SIGSEGV: [libjvm.so+0x5ed7c0], sa_mask[0]=0x7ffbfeff, sa_flags=0x10000004
SIGBUS: [libjvm.so+0x5ed7c0], sa_mask[0]=0x7ffbfeff, sa_flags=0x10000004
SIGFPE: [libjvm.so+0x4fc230], sa_mask[0]=0x7ffbfeff, sa_flags=0x10000004
SIGPIPE: [libjvm.so+0x4fc230], sa_mask[0]=0x7ffbfeff, sa_flags=0x10000004
SIGXFSZ: [libjvm.so+0x4fc230], sa_mask[0]=0x7ffbfeff, sa_flags=0x10000004
SIGILL: [libjvm.so+0x4fc230], sa_mask[0]=0x7ffbfeff, sa_flags=0x10000004
SIGUSR1: SIG_DFL, sa_mask[0]=0x00000000, sa_flags=0x00000000
SIGUSR2: [libjvm.so+0x4fe270], sa_mask[0]=0x00000004, sa_flags=0x10000004
SIGHUP: SIG_DFL, sa_mask[0]=0x00000000, sa_flags=0x00000000
SIGINT: SIG_DFL, sa_mask[0]=0x00000000, sa_flags=0x00000000
SIGTERM: SIG_DFL, sa_mask[0]=0x00000000, sa_flags=0x00000000
SIGQUIT: SIG_DFL, sa_mask[0]=0x00000000, sa_flags=0x00000000


---------------  S Y S T E M  ---------------

OS:squeeze/sid

uname:Linux 2.6.32-24-generic #43-Ubuntu SMP Thu Sep 16 14:17:33 UTC 2010 i686
libc:glibc 2.11.1 NPTL 2.11.1 
rlimit: STACK 8192k, CORE 0k, NPROC infinity, NOFILE 1024, AS infinity
load average:1.23 1.09 0.92

CPU:total 2 (2 cores per cpu, 1 threads per core) family 6 model 15 stepping 11, cmov, cx8, fxsr, mmx, sse, sse2, sse3, ssse3

Memory: 4k page, physical 2029056k(46632k free), swap 4096532k(4050024k free)

vm_info: Java HotSpot(TM) Server VM (10.0-b19) for linux-x86 JRE (1.6.0_04-b12), built on Dec 14 2007 00:57:07 by "java_re" with gcc 3.2.1-7a (J2SE release)

time: Tue Jan 17 14:12:22 2012
elapsed time: 0 seconds

