#
# An unexpected error has been detected by Java Runtime Environment:
#
#  Internal Error (classFileParser.cpp:2924), pid=19013, tid=3076066160
#  Error: ShouldNotReachHere()
#
# Java VM: Java HotSpot(TM) Server VM (10.0-b19 mixed mode linux-x86)
# If you would like to submit a bug report, please visit:
#   http://java.sun.com/webapps/bugreport/crash.jsp
#

---------------  T H R E A D  ---------------

Current thread (0x08415c00):  JavaThread "Unknown thread" [_thread_in_vm, id=19018, stack(0xb7540000,0xb7591000)]

Stack: [0xb7540000,0xb7591000],  sp=0xb758fa90,  free space=318k
Native frames: (J=compiled Java code, j=interpreted, Vv=VM code, C=native code)
V  [libjvm.so+0x5ecc19]
V  [libjvm.so+0x2cac60]
V  [libjvm.so+0x27d53d]
V  [libjvm.so+0x2822a2]
V  [libjvm.so+0x59956c]
V  [libjvm.so+0x5981b5]
V  [libjvm.so+0x597227]
V  [libjvm.so+0x596f32]
V  [libjvm.so+0x59ad3d]
V  [libjvm.so+0x59a929]
V  [libjvm.so+0x5cb4fa]
V  [libjvm.so+0x5cca2f]
V  [libjvm.so+0x34a248]
V  [libjvm.so+0x5b9086]
V  [libjvm.so+0x39c293]
C  [java+0x2fcc]
C  [java+0x1942]  JavaMain+0x72
C  [libpthread.so.0+0x596e]


---------------  P R O C E S S  ---------------

Java Threads: ( => current thread )

Other Threads:

=>0x08415c00 (exited) JavaThread "Unknown thread" [_thread_in_vm, id=19018, stack(0xb7540000,0xb7591000)]

VM state:not at safepoint (not fully initialized)

VM Mutex/Monitor currently owned by a thread: None

Dynamic libraries:
06000000-0665c000 r-xp 00000000 08:06 10602627   /home/michael/progs/jdk1.6.0_04/jre/lib/i386/server/libjvm.so
0665c000-066a0000 rwxp 0065c000 08:06 10602627   /home/michael/progs/jdk1.6.0_04/jre/lib/i386/server/libjvm.so
066a0000-06ac2000 rwxp 00000000 00:00 0 
08048000-08052000 r-xp 00000000 08:06 10617505   /home/michael/progs/jdk1.6.0_04/bin/java
08052000-08053000 rwxp 00009000 08:06 10617505   /home/michael/progs/jdk1.6.0_04/bin/java
08410000-08475000 rwxp 00000000 00:00 0          [heap]
91089000-910e8000 r-xs 00492000 08:06 3752151    /home/michael/progs/android-sdk-linux_86/platforms/android-7/android.jar
910e8000-910e9000 ---p 00000000 00:00 0 
910e9000-91169000 rwxp 00000000 00:00 0 
91169000-9116a000 ---p 00000000 00:00 0 
9116a000-911f2000 rwxp 00000000 00:00 0 
911f2000-9120a000 rwxp 00000000 00:00 0 
9120a000-91218000 rwxp 00000000 00:00 0 
91218000-912e7000 rwxp 00000000 00:00 0 
912e7000-912ef000 rwxp 00000000 00:00 0 
912ef000-91307000 rwxp 00000000 00:00 0 
91307000-91315000 rwxp 00000000 00:00 0 
91315000-913e3000 rwxp 00000000 00:00 0 
913e3000-913e6000 rwxp 00000000 00:00 0 
913e6000-913ff000 rwxp 00000000 00:00 0 
913ff000-92400000 rwxp 00000000 00:00 0 
92400000-95400000 rwxp 00000000 00:00 0 
95400000-96f90000 rwxp 00000000 00:00 0 
96f90000-b0cf0000 rwxp 00000000 00:00 0 
b0cf0000-b10f0000 rwxp 00000000 00:00 0 
b10f0000-b4400000 rwxp 00000000 00:00 0 
b4401000-b440a000 rwxp 00000000 00:00 0 
b440a000-b44c1000 rwxp 00000000 00:00 0 
b44c1000-b4701000 rwxp 00000000 00:00 0 
b4701000-b74c1000 rwxp 00000000 00:00 0 
b74c1000-b74d0000 r-xp 00000000 08:06 10602643   /home/michael/progs/jdk1.6.0_04/jre/lib/i386/libzip.so
b74d0000-b74d2000 rwxp 0000e000 08:06 10602643   /home/michael/progs/jdk1.6.0_04/jre/lib/i386/libzip.so
b74d2000-b74f5000 r-xp 00000000 08:06 10602639   /home/michael/progs/jdk1.6.0_04/jre/lib/i386/libjava.so
b74f5000-b74f7000 rwxp 00023000 08:06 10602639   /home/michael/progs/jdk1.6.0_04/jre/lib/i386/libjava.so
b74f7000-b7501000 r-xp 00000000 08:06 1196259    /lib/tls/i686/cmov/libnss_files-2.11.1.so
b7501000-b7502000 r-xp 00009000 08:06 1196259    /lib/tls/i686/cmov/libnss_files-2.11.1.so
b7502000-b7503000 rwxp 0000a000 08:06 1196259    /lib/tls/i686/cmov/libnss_files-2.11.1.so
b7503000-b7516000 r-xp 00000000 08:06 1196256    /lib/tls/i686/cmov/libnsl-2.11.1.so
b7516000-b7517000 r-xp 00012000 08:06 1196256    /lib/tls/i686/cmov/libnsl-2.11.1.so
b7517000-b7518000 rwxp 00013000 08:06 1196256    /lib/tls/i686/cmov/libnsl-2.11.1.so
b7518000-b751a000 rwxp 00000000 00:00 0 
b7523000-b752e000 r-xp 00000000 08:06 10602638   /home/michael/progs/jdk1.6.0_04/jre/lib/i386/libverify.so
b752e000-b752f000 rwxp 0000b000 08:06 10602638   /home/michael/progs/jdk1.6.0_04/jre/lib/i386/libverify.so
b752f000-b7537000 rwxs 00000000 08:06 11567381   /tmp/hsperfdata_michael/19013
b7537000-b753e000 r-xp 00000000 08:06 1196266    /lib/tls/i686/cmov/librt-2.11.1.so
b753e000-b753f000 r-xp 00006000 08:06 1196266    /lib/tls/i686/cmov/librt-2.11.1.so
b753f000-b7540000 rwxp 00007000 08:06 1196266    /lib/tls/i686/cmov/librt-2.11.1.so
b7540000-b7543000 ---p 00000000 00:00 0 
b7543000-b7591000 rwxp 00000000 00:00 0 
b7591000-b75b5000 r-xp 00000000 08:06 1196252    /lib/tls/i686/cmov/libm-2.11.1.so
b75b5000-b75b6000 r-xp 00023000 08:06 1196252    /lib/tls/i686/cmov/libm-2.11.1.so
b75b6000-b75b7000 rwxp 00024000 08:06 1196252    /lib/tls/i686/cmov/libm-2.11.1.so
b75b7000-b75b8000 rwxp 00000000 00:00 0 
b75b8000-b770b000 r-xp 00000000 08:06 1196247    /lib/tls/i686/cmov/libc-2.11.1.so
b770b000-b770c000 ---p 00153000 08:06 1196247    /lib/tls/i686/cmov/libc-2.11.1.so
b770c000-b770e000 r-xp 00153000 08:06 1196247    /lib/tls/i686/cmov/libc-2.11.1.so
b770e000-b770f000 rwxp 00155000 08:06 1196247    /lib/tls/i686/cmov/libc-2.11.1.so
b770f000-b7712000 rwxp 00000000 00:00 0 
b7712000-b7714000 r-xp 00000000 08:06 1196250    /lib/tls/i686/cmov/libdl-2.11.1.so
b7714000-b7715000 r-xp 00001000 08:06 1196250    /lib/tls/i686/cmov/libdl-2.11.1.so
b7715000-b7716000 rwxp 00002000 08:06 1196250    /lib/tls/i686/cmov/libdl-2.11.1.so
b7716000-b771d000 r-xp 00000000 08:06 10602641   /home/michael/progs/jdk1.6.0_04/jre/lib/i386/jli/libjli.so
b771d000-b771f000 rwxp 00006000 08:06 10602641   /home/michael/progs/jdk1.6.0_04/jre/lib/i386/jli/libjli.so
b771f000-b7720000 rwxp 00000000 00:00 0 
b7720000-b7735000 r-xp 00000000 08:06 1196264    /lib/tls/i686/cmov/libpthread-2.11.1.so
b7735000-b7736000 r-xp 00014000 08:06 1196264    /lib/tls/i686/cmov/libpthread-2.11.1.so
b7736000-b7737000 rwxp 00015000 08:06 1196264    /lib/tls/i686/cmov/libpthread-2.11.1.so
b7737000-b7739000 rwxp 00000000 00:00 0 
b773b000-b7743000 r-xp 00000000 08:06 1196261    /lib/tls/i686/cmov/libnss_nis-2.11.1.so
b7743000-b7744000 r-xp 00007000 08:06 1196261    /lib/tls/i686/cmov/libnss_nis-2.11.1.so
b7744000-b7745000 rwxp 00008000 08:06 1196261    /lib/tls/i686/cmov/libnss_nis-2.11.1.so
b7745000-b774b000 r-xp 00000000 08:06 1196257    /lib/tls/i686/cmov/libnss_compat-2.11.1.so
b774b000-b774c000 r-xp 00006000 08:06 1196257    /lib/tls/i686/cmov/libnss_compat-2.11.1.so
b774c000-b774d000 rwxp 00007000 08:06 1196257    /lib/tls/i686/cmov/libnss_compat-2.11.1.so
b774d000-b7753000 r-xp 00000000 08:06 10602625   /home/michael/progs/jdk1.6.0_04/jre/lib/i386/native_threads/libhpi.so
b7753000-b7754000 rwxp 00006000 08:06 10602625   /home/michael/progs/jdk1.6.0_04/jre/lib/i386/native_threads/libhpi.so
b7754000-b7755000 rwxp 00000000 00:00 0 
b7755000-b7756000 r-xp 00000000 00:00 0 
b7756000-b7758000 rwxp 00000000 00:00 0 
b7758000-b7759000 r-xp 00000000 00:00 0          [vdso]
b7759000-b7774000 r-xp 00000000 08:06 1164659    /lib/ld-2.11.1.so
b7774000-b7775000 r-xp 0001a000 08:06 1164659    /lib/ld-2.11.1.so
b7775000-b7776000 rwxp 0001b000 08:06 1164659    /lib/ld-2.11.1.so
bfc5a000-bfc6f000 rwxp 00000000 00:00 0          [stack]

VM Arguments:
jvm_args: -Dfile.encoding=UTF-8 -Xbootclasspath:/home/michael/progs/android-sdk-linux_86/platforms/android-7/android.jar 
java_command: com.maky.demo.graph.Model2D
Launcher Type: SUN_STANDARD

Environment Variables:
PATH=/usr/local/sbin:/usr/local/bin:/usr/sbin:/usr/bin:/sbin:/bin:/usr/games
USERNAME=michael
LD_LIBRARY_PATH=/home/michael/progs/jdk1.6.0_04/jre/lib/i386/server:/home/michael/progs/jdk1.6.0_04/jre/lib/i386:/home/michael/progs/jdk1.6.0_04/jre/../lib/i386:/home/michael/progs/jre1.6.0_29/lib/i386/client:/home/michael/progs/jre1.6.0_29/lib/i386:
SHELL=/bin/bash
DISPLAY=:0.0

Signal Handlers:
SIGSEGV: [libjvm.so+0x5ed7c0], sa_mask[0]=0x7ffbfeff, sa_flags=0x10000004
SIGBUS: [libjvm.so+0x5ed7c0], sa_mask[0]=0x7ffbfeff, sa_flags=0x10000004
SIGFPE: [libjvm.so+0x4fc230], sa_mask[0]=0x7ffbfeff, sa_flags=0x10000004
SIGPIPE: [libjvm.so+0x4fc230], sa_mask[0]=0x7ffbfeff, sa_flags=0x10000004
SIGXFSZ: [libjvm.so+0x4fc230], sa_mask[0]=0x7ffbfeff, sa_flags=0x10000004
SIGILL: [libjvm.so+0x4fc230], sa_mask[0]=0x7ffbfeff, sa_flags=0x10000004
SIGUSR1: SIG_DFL, sa_mask[0]=0x00000000, sa_flags=0x00000000
SIGUSR2: [libjvm.so+0x4fe270], sa_mask[0]=0x00000004, sa_flags=0x10000004
SIGHUP: SIG_DFL, sa_mask[0]=0x00000000, sa_flags=0x00000000
SIGINT: SIG_DFL, sa_mask[0]=0x00000000, sa_flags=0x00000000
SIGTERM: SIG_DFL, sa_mask[0]=0x00000000, sa_flags=0x00000000
SIGQUIT: SIG_DFL, sa_mask[0]=0x00000000, sa_flags=0x00000000


---------------  S Y S T E M  ---------------

OS:squeeze/sid

uname:Linux 2.6.32-24-generic #43-Ubuntu SMP Thu Sep 16 14:17:33 UTC 2010 i686
libc:glibc 2.11.1 NPTL 2.11.1 
rlimit: STACK 8192k, CORE 0k, NPROC infinity, NOFILE 1024, AS infinity
load average:1.46 1.79 1.79

CPU:total 2 (2 cores per cpu, 1 threads per core) family 6 model 15 stepping 11, cmov, cx8, fxsr, mmx, sse, sse2, sse3, ssse3

Memory: 4k page, physical 2029056k(66164k free), swap 4096532k(3535844k free)

vm_info: Java HotSpot(TM) Server VM (10.0-b19) for linux-x86 JRE (1.6.0_04-b12), built on Dec 14 2007 00:57:07 by "java_re" with gcc 3.2.1-7a (J2SE release)

time: Fri Dec  2 13:11:08 2011
elapsed time: 0 seconds

