#
# An unexpected error has been detected by Java Runtime Environment:
#
#  SIGSEGV (0xb) at pc=0xb789ff2d, pid=13274, tid=3077585776
#
# Java VM: Java HotSpot(TM) Server VM (10.0-b19 mixed mode linux-x86)
# Problematic frame:
# C  [libpthread.so.0+0x7f2d]  pthread_mutex_lock+0x1d
#
# If you would like to submit a bug report, please visit:
#   http://java.sun.com/webapps/bugreport/crash.jsp
# The crash happened outside the Java Virtual Machine in native code.
# See problematic frame for where to report the bug.
#

---------------  T H R E A D  ---------------

Current thread (0x09007400):  JavaThread "main" [_thread_in_native, id=13280, stack(0xb76b3000,0xb7704000)]

siginfo:si_signo=SIGSEGV: si_errno=0, si_code=1 (SEGV_MAPERR), si_addr=0x0000000c

Registers:
EAX=0x00000000, EBX=0xb78adff4, ECX=0xb77025c0, EDX=0x90a8d2d4
ESP=0xb7701204, EBP=0xb7701228, ESI=0x00000000, EDI=0xb77025c0
EIP=0xb789ff2d, CR2=0x0000000c, EFLAGS=0x00210292

Top of Stack: (sp=0xb7701204)
0xb7701204:   b7701234 062fbfff 00000000 000003cf
0xb7701214:   b7701244 062fbe8c 906b9ff4 90a8d2c8
0xb7701224:   b77025c0 b7701248 905c747f 00000000
0xb7701234:   b77014f8 00000000 0960b578 00000000
0xb7701244:   906b9ff4 b7701288 905dd038 90a8d2d4
0xb7701254:   00000000 b7885ff4 91debea8 00000001
0xb7701264:   b7702170 ffffffff 00000062 00000000
0xb7701274:   b784294d 90abd860 90a8d2c8 b7702170 

Instructions: (pc=0xb789ff2d)
0xb789ff1d:   5d f4 89 7d fc e8 19 c4 ff ff 81 c3 cd e0 00 00
0xb789ff2d:   8b 7e 0c 89 f9 89 f8 83 e1 7f 83 e0 7c 75 45 65 

Stack: [0xb76b3000,0xb7704000],  sp=0xb7701204,  free space=312k
Native frames: (J=compiled Java code, j=interpreted, Vv=VM code, C=native code)
C  [libpthread.so.0+0x7f2d]  pthread_mutex_lock+0x1d
C  [libX11.so.6+0x2747f]
C  [libX11.so.6+0x3d038]  XrmQGetSearchList+0x58
C  [libmawt.so+0x231f65]
C  [libmawt.so+0x232b10]
C  [libmawt.so+0x220e6f]
C  [libmawt.so+0x2215b3]
C  [libmawt.so+0x22163c]
C  [libmawt.so+0x6b4b3]  Java_sun_awt_motif_MWindowPeer_pCreate+0x823
v  ~BufferBlob::Interpreter
v  ~BufferBlob::Interpreter
v  ~BufferBlob::Interpreter
v  ~BufferBlob::Interpreter
v  ~BufferBlob::Interpreter
v  ~BufferBlob::Interpreter
v  ~BufferBlob::Interpreter
v  ~BufferBlob::Interpreter
v  ~BufferBlob::Interpreter
v  ~BufferBlob::Interpreter
v  ~BufferBlob::Interpreter
v  ~BufferBlob::Interpreter
v  ~BufferBlob::Interpreter
v  ~BufferBlob::StubRoutines (1)
V  [libjvm.so+0x37338d]
V  [libjvm.so+0x4fd168]
V  [libjvm.so+0x373220]
V  [libjvm.so+0x39c846]
V  [libjvm.so+0x38e048]
C  [java+0x1b98]  JavaMain+0x2c8
C  [libpthread.so.0+0x596e]

Java frames: (J=compiled Java code, j=interpreted, Vv=VM code)
v  ~BufferBlob::Interpreter
v  ~BufferBlob::Interpreter
v  ~BufferBlob::Interpreter
v  ~BufferBlob::Interpreter
v  ~BufferBlob::Interpreter
v  ~BufferBlob::Interpreter
v  ~BufferBlob::Interpreter
v  ~BufferBlob::Interpreter
v  ~BufferBlob::Interpreter
v  ~BufferBlob::Interpreter
v  ~BufferBlob::Interpreter
v  ~BufferBlob::Interpreter
v  ~BufferBlob::Interpreter
v  ~BufferBlob::StubRoutines (1)

---------------  P R O C E S S  ---------------

Java Threads: ( => current thread )
  0x90a41000 JavaThread "main-SharedResourceRunner" daemon [_thread_blocked, id=13296, stack(0x8ea9f000,0x8eaf0000)]
  0x911a6c00 JavaThread "AWT-EventQueue-0" [_thread_blocked, id=13295, stack(0x9038c000,0x903dd000)]
  0x90aa7800 JavaThread "AWT-Motif" daemon [_thread_blocked, id=13294, stack(0x903dd000,0x9042e000)]
  0x90aa5000 JavaThread "AWT-Shutdown" [_thread_blocked, id=13293, stack(0x90494000,0x904e5000)]
  0x90a73400 JavaThread "Java2D Disposer" daemon [_thread_blocked, id=13292, stack(0x90b56000,0x90ba7000)]
  0x91198000 JavaThread "Low Memory Detector" daemon [_thread_blocked, id=13289, stack(0x90c70000,0x90cc1000)]
  0x91196400 JavaThread "CompilerThread1" daemon [_thread_blocked, id=13288, stack(0x90cc1000,0x90d42000)]
  0x91195000 JavaThread "CompilerThread0" daemon [_thread_blocked, id=13287, stack(0x90d42000,0x90dc3000)]
  0x91193c00 JavaThread "Signal Dispatcher" daemon [_thread_blocked, id=13286, stack(0x90dc3000,0x90e14000)]
  0x9117b800 JavaThread "Finalizer" daemon [_thread_blocked, id=13285, stack(0x90e53000,0x90ea4000)]
  0x9117a800 JavaThread "Reference Handler" daemon [_thread_blocked, id=13284, stack(0x90ea4000,0x90ef5000)]
=>0x09007400 JavaThread "main" [_thread_in_native, id=13280, stack(0xb76b3000,0xb7704000)]

Other Threads:
  0x91177400 VMThread [stack: 0x90ef5000,0x90f76000] [id=13283]
  0x91199c00 WatcherThread [stack: 0x90bef000,0x90c70000] [id=13290]

VM state:not at safepoint (normal execution)

VM Mutex/Monitor currently owned by a thread: None

Heap
 PSYoungGen      total 3584K, used 1539K [0xb0e60000, 0xb1560000, 0xb4570000)
  eden space 3072K, 33% used [0xb0e60000,0xb0f63700,0xb1160000)
  from space 512K, 97% used [0xb11e0000,0xb125d6b8,0xb1260000)
  to   space 512K, 0% used [0xb1160000,0xb1160000,0xb11e0000)
 PSOldGen        total 28224K, used 663K [0x95570000, 0x97100000, 0xb0e60000)
  object space 28224K, 2% used [0x95570000,0x95615d48,0x97100000)
 PSPermGen       total 16384K, used 8743K [0x91570000, 0x92570000, 0x95570000)
  object space 16384K, 53% used [0x91570000,0x91df9d58,0x92570000)

Dynamic libraries:
06000000-0665c000 r-xp 00000000 08:06 10602627   /home/michael/progs/jdk1.6.0_04/jre/lib/i386/server/libjvm.so
0665c000-066a0000 rwxp 0065c000 08:06 10602627   /home/michael/progs/jdk1.6.0_04/jre/lib/i386/server/libjvm.so
066a0000-06ac2000 rwxp 00000000 00:00 0 
08048000-08052000 r-xp 00000000 08:06 10617505   /home/michael/progs/jdk1.6.0_04/bin/java
08052000-08053000 rwxp 00009000 08:06 10617505   /home/michael/progs/jdk1.6.0_04/bin/java
09001000-09758000 rwxp 00000000 00:00 0          [heap]
8e500000-8e5fd000 rwxp 00000000 00:00 0 
8e5fd000-8e600000 ---p 00000000 00:00 0 
8e6d9000-8e71c000 rwxp 00000000 00:05 1288       /dev/zero
8e71c000-8e91c000 rwxs 2c7b2000 00:05 6595       /dev/nvidia0
8e91c000-8ea1c000 rwxs 2c430000 00:05 6595       /dev/nvidia0
8ea1c000-8ea5c000 rwxs 2f284000 00:05 6595       /dev/nvidia0
8ea9f000-8eaa2000 ---p 00000000 00:00 0 
8eaa2000-8eaf0000 rwxp 00000000 00:00 0 
8eaf0000-9009e000 r-xp 00000000 08:06 7870836    /usr/lib/nvidia-current/libGLcore.so.195.36.24
9009e000-900f1000 rwxp 015ad000 08:06 7870836    /usr/lib/nvidia-current/libGLcore.so.195.36.24
900f1000-90100000 rwxp 00000000 00:00 0 
90100000-901fb000 rwxp 00000000 00:00 0 
901fb000-90200000 ---p 00000000 00:00 0 
9021e000-9023e000 rwxs 36906000 00:05 6595       /dev/nvidia0
9023e000-902c5000 r-xp 00000000 08:06 11567740   /tmp/jogamp.tmp.cache_000000/jln1926/jln1927/libjogl_desktop.so
902c5000-902c6000 r-xp 00086000 08:06 11567740   /tmp/jogamp.tmp.cache_000000/jln1926/jln1927/libjogl_desktop.so
902c6000-902c7000 rwxp 00087000 08:06 11567740   /tmp/jogamp.tmp.cache_000000/jln1926/jln1927/libjogl_desktop.so
902c7000-90363000 r-xp 00000000 08:06 7870834    /usr/lib/nvidia-current/libGL.so.195.36.24
90363000-9037d000 rwxp 0009b000 08:06 7870834    /usr/lib/nvidia-current/libGL.so.195.36.24
9037d000-9038c000 rwxp 00000000 00:00 0 
9038c000-9038f000 ---p 00000000 00:00 0 
9038f000-903dd000 rwxp 00000000 00:00 0 
903dd000-903e0000 ---p 00000000 00:00 0 
903e0000-90468000 rwxp 00000000 00:00 0 
90469000-9046b000 rwxp 00000000 00:05 1288       /dev/zero
9046b000-9046f000 rwxs 2c7bc000 00:05 6595       /dev/nvidia0
9046f000-90473000 rwxs 2c462000 00:05 6595       /dev/nvidia0
90473000-90494000 rwxs 00000000 00:04 0          /SYSV00000000 (deleted)
90494000-90497000 ---p 00000000 00:00 0 
90497000-904e5000 rwxp 00000000 00:00 0 
904e5000-904ed000 r-xp 00000000 08:06 7423282    /usr/lib/libXrender.so.1.3.0
904ed000-904ee000 r-xp 00007000 08:06 7423282    /usr/lib/libXrender.so.1.3.0
904ee000-904ef000 rwxp 00008000 08:06 7423282    /usr/lib/libXrender.so.1.3.0
904ef000-904f7000 r-xp 00000000 08:06 7424750    /usr/lib/libXcursor.so.1.0.2
904f7000-904f8000 r-xp 00007000 08:06 7424750    /usr/lib/libXcursor.so.1.0.2
904f8000-904f9000 rwxp 00008000 08:06 7424750    /usr/lib/libXcursor.so.1.0.2
904f9000-90577000 r-xp 00000000 08:06 10602666   /home/michael/progs/jdk1.6.0_04/jre/lib/i386/libfontmanager.so
90577000-90581000 rwxp 0007e000 08:06 10602666   /home/michael/progs/jdk1.6.0_04/jre/lib/i386/libfontmanager.so
90581000-90586000 rwxp 00000000 00:00 0 
90586000-9059e000 r-xp 00000000 08:06 7423084    /usr/lib/libxcb.so.1.1.0
9059e000-9059f000 r-xp 00017000 08:06 7423084    /usr/lib/libxcb.so.1.1.0
9059f000-905a0000 rwxp 00018000 08:06 7423084    /usr/lib/libxcb.so.1.1.0
905a0000-906b9000 r-xp 00000000 08:06 7422903    /usr/lib/libX11.so.6.3.0
906b9000-906ba000 r-xp 00118000 08:06 7422903    /usr/lib/libX11.so.6.3.0
906ba000-906bc000 rwxp 00119000 08:06 7422903    /usr/lib/libX11.so.6.3.0
906bc000-906bd000 rwxp 00000000 00:00 0 
906bd000-90944000 r-xp 00000000 08:06 10602663   /home/michael/progs/jdk1.6.0_04/jre/lib/i386/motif21/libmawt.so
90944000-90956000 rwxp 00287000 08:06 10602663   /home/michael/progs/jdk1.6.0_04/jre/lib/i386/motif21/libmawt.so
90956000-9095a000 rwxp 00000000 00:00 0 
9095a000-909d5000 r-xp 00000000 08:06 10602658   /home/michael/progs/jdk1.6.0_04/jre/lib/i386/libawt.so
909d5000-909dc000 rwxp 0007b000 08:06 10602658   /home/michael/progs/jdk1.6.0_04/jre/lib/i386/libawt.so
909dc000-90a00000 rwxp 00000000 00:00 0 
90a00000-90aff000 rwxp 00000000 00:00 0 
90aff000-90b00000 ---p 00000000 00:00 0 
90b00000-90b01000 rwxs d0057000 00:05 6595       /dev/nvidia0
90b01000-90b02000 rwxs 2c469000 00:05 6595       /dev/nvidia0
90b02000-90b06000 r-xp 00000000 08:06 7423141    /usr/lib/libXfixes.so.3.1.0
90b06000-90b07000 r-xp 00003000 08:06 7423141    /usr/lib/libXfixes.so.3.1.0
90b07000-90b08000 rwxp 00004000 08:06 7423141    /usr/lib/libXfixes.so.3.1.0
90b08000-90b0c000 r-xp 00000000 08:06 7422227    /usr/lib/libXdmcp.so.6.0.0
90b0c000-90b0d000 r-xp 00003000 08:06 7422227    /usr/lib/libXdmcp.so.6.0.0
90b0d000-90b0e000 rwxp 00004000 08:06 7422227    /usr/lib/libXdmcp.so.6.0.0
90b0e000-90b10000 r-xp 00000000 08:06 7422099    /usr/lib/libXau.so.6.0.0
90b10000-90b11000 r-xp 00001000 08:06 7422099    /usr/lib/libXau.so.6.0.0
90b11000-90b12000 rwxp 00002000 08:06 7422099    /usr/lib/libXau.so.6.0.0
90b12000-90b1e000 r-xp 00000000 08:06 7423243    /usr/lib/libXi.so.6.1.0
90b1e000-90b1f000 r-xp 0000c000 08:06 7423243    /usr/lib/libXi.so.6.1.0
90b1f000-90b20000 rwxp 0000d000 08:06 7423243    /usr/lib/libXi.so.6.1.0
90b20000-90b2e000 r-xp 00000000 08:06 7422423    /usr/lib/libXext.so.6.4.0
90b2e000-90b2f000 r-xp 0000d000 08:06 7422423    /usr/lib/libXext.so.6.4.0
90b2f000-90b30000 rwxp 0000e000 08:06 7422423    /usr/lib/libXext.so.6.4.0
90b30000-90b37000 r-xp 00000000 08:06 7422267    /usr/lib/libXp.so.6.2.0
90b37000-90b38000 r-xp 00006000 08:06 7422267    /usr/lib/libXp.so.6.2.0
90b38000-90b39000 rwxp 00007000 08:06 7422267    /usr/lib/libXp.so.6.2.0
90b39000-90b3d000 rwxs 2c4c0000 00:05 6595       /dev/nvidia0
90b3d000-90b3e000 rwxs 2c4cc000 00:05 6595       /dev/nvidia0
90b3e000-90b3f000 rwxs e5c0a000 00:05 6595       /dev/nvidia0
90b3f000-90b40000 rwxs e5641000 00:05 6595       /dev/nvidia0
90b40000-90b42000 r-xp 00000000 08:06 7423280    /usr/lib/libXinerama.so.1.0.0
90b42000-90b43000 r-xp 00001000 08:06 7423280    /usr/lib/libXinerama.so.1.0.0
90b43000-90b44000 rwxp 00002000 08:06 7423280    /usr/lib/libXinerama.so.1.0.0
90b44000-90b45000 r-xp 00000000 08:06 9814782    /usr/lib/nvidia-current/tls/libnvidia-tls.so.195.36.24
90b45000-90b46000 rwxp 00000000 08:06 9814782    /usr/lib/nvidia-current/tls/libnvidia-tls.so.195.36.24
90b46000-90b4a000 r-xp 00000000 08:06 7422097    /usr/lib/libXxf86vm.so.1.0.0
90b4a000-90b4b000 r-xp 00003000 08:06 7422097    /usr/lib/libXxf86vm.so.1.0.0
90b4b000-90b4c000 rwxp 00004000 08:06 7422097    /usr/lib/libXxf86vm.so.1.0.0
90b4c000-90b51000 r-xp 00000000 08:06 11567760   /tmp/jogamp.tmp.cache_000000/jln1926/jln1927/libnativewindow_x11.so
90b51000-90b52000 r-xp 00004000 08:06 11567760   /tmp/jogamp.tmp.cache_000000/jln1926/jln1927/libnativewindow_x11.so
90b52000-90b53000 rwxp 00005000 08:06 11567760   /tmp/jogamp.tmp.cache_000000/jln1926/jln1927/libnativewindow_x11.so
90b53000-90b54000 r-xp 00000000 08:06 11567759   /tmp/jogamp.tmp.cache_000000/jln1926/jln1927/libnativewindow_awt.so
90b54000-90b55000 r-xp 00001000 08:06 11567759   /tmp/jogamp.tmp.cache_000000/jln1926/jln1927/libnativewindow_awt.so
90b55000-90b56000 rwxp 00002000 08:06 11567759   /tmp/jogamp.tmp.cache_000000/jln1926/jln1927/libnativewindow_awt.so
90b56000-90b59000 ---p 00000000 00:00 0 
90b59000-90ba7000 rwxp 00000000 00:00 0 
90ba7000-90bba000 r-xp 00000000 08:06 10602647   /home/michael/progs/jdk1.6.0_04/jre/lib/i386/libnet.so
90bba000-90bbb000 rwxp 00013000 08:06 10602647   /home/michael/progs/jdk1.6.0_04/jre/lib/i386/libnet.so
90bbb000-90bd5000 r-xs 00468000 08:06 5539305    /home/michael/maky/BMProject/JOGL/jogl.all.jar
90bd5000-90bef000 r-xs 00468000 08:06 8096087    /home/michael/progs/jogamp-all-platforms/jar/jogl.all.jar
90bef000-90bf0000 ---p 00000000 00:00 0 
90bf0000-90c70000 rwxp 00000000 00:00 0 
90c70000-90c73000 ---p 00000000 00:00 0 
90c73000-90cc1000 rwxp 00000000 00:00 0 
90cc1000-90cc4000 ---p 00000000 00:00 0 
90cc4000-90d42000 rwxp 00000000 00:00 0 
90d42000-90d45000 ---p 00000000 00:00 0 
90d45000-90dc3000 rwxp 00000000 00:00 0 
90dc3000-90dc6000 ---p 00000000 00:00 0 
90dc6000-90e14000 rwxp 00000000 00:00 0 
90e14000-90e53000 r-xp 00000000 08:06 7487520    /usr/lib/locale/en_US.utf8/LC_CTYPE
90e53000-90e56000 ---p 00000000 00:00 0 
90e56000-90ea4000 rwxp 00000000 00:00 0 
90ea4000-90ea7000 ---p 00000000 00:00 0 
90ea7000-90ef5000 rwxp 00000000 00:00 0 
90ef5000-90ef6000 ---p 00000000 00:00 0 
90ef6000-90f76000 rwxp 00000000 00:00 0 
90f76000-91100000 r-xs 02de1000 08:06 10602731   /home/michael/progs/jdk1.6.0_04/jre/lib/rt.jar
91100000-911f9000 rwxp 00000000 00:00 0 
911f9000-91200000 ---p 00000000 00:00 0 
91200000-91201000 rwxs 2b2ba000 00:05 6595       /dev/nvidia0
91201000-91205000 r-xp 00000000 08:06 7423675    /usr/lib/libXtst.so.6.1.0
91205000-91206000 r-xp 00003000 08:06 7423675    /usr/lib/libXtst.so.6.1.0
91206000-91207000 rwxp 00004000 08:06 7423675    /usr/lib/libXtst.so.6.1.0
91207000-91209000 r-xp 00000000 08:06 11567739   /tmp/jogamp.tmp.cache_000000/jln1926/jln1927/libgluegen-rt.so
91209000-9120a000 r-xp 00001000 08:06 11567739   /tmp/jogamp.tmp.cache_000000/jln1926/jln1927/libgluegen-rt.so
9120a000-9120b000 rwxp 00002000 08:06 11567739   /tmp/jogamp.tmp.cache_000000/jln1926/jln1927/libgluegen-rt.so
9120b000-91212000 r-xp 00000000 08:06 10602648   /home/michael/progs/jdk1.6.0_04/jre/lib/i386/libnio.so
91212000-91213000 rwxp 00006000 08:06 10602648   /home/michael/progs/jdk1.6.0_04/jre/lib/i386/libnio.so
91213000-91219000 r-xs 00071000 08:06 8096074    /home/michael/progs/jogamp-all-platforms/jar/jocl.jar
91219000-9121e000 r-xs 0002b000 08:06 8096046    /home/michael/progs/jogamp-all-platforms/jar/gluegen-rt.jar
9121e000-91226000 r-xs 00087000 08:06 8096047    /home/michael/progs/jogamp-all-platforms/jar/gluegen.jar
91226000-91258000 rwxp 00000000 00:00 0 
91258000-91259000 ---p 00000000 00:00 0 
91259000-912d9000 rwxp 00000000 00:00 0 
912d9000-912da000 ---p 00000000 00:00 0 
912da000-91362000 rwxp 00000000 00:00 0 
91362000-9137a000 rwxp 00000000 00:00 0 
9137a000-91388000 rwxp 00000000 00:00 0 
91388000-91457000 rwxp 00000000 00:00 0 
91457000-9145f000 rwxp 00000000 00:00 0 
9145f000-91477000 rwxp 00000000 00:00 0 
91477000-91485000 rwxp 00000000 00:00 0 
91485000-91553000 rwxp 00000000 00:00 0 
91553000-91557000 rwxp 00000000 00:00 0 
91557000-9156f000 rwxp 00000000 00:00 0 
9156f000-92570000 rwxp 00000000 00:00 0 
92570000-95570000 rwxp 00000000 00:00 0 
95570000-97100000 rwxp 00000000 00:00 0 
97100000-b0e60000 rwxp 00000000 00:00 0 
b0e60000-b1560000 rwxp 00000000 00:00 0 
b1560000-b4570000 rwxp 00000000 00:00 0 
b4570000-b4571000 rwxs e5060000 00:05 6595       /dev/nvidia0
b4571000-b4572000 r-xp 00000000 08:06 10602672   /home/michael/progs/jdk1.6.0_04/jre/lib/i386/libjawt.so
b4572000-b4573000 rwxp 00000000 08:06 10602672   /home/michael/progs/jdk1.6.0_04/jre/lib/i386/libjawt.so
b4573000-b4574000 r-xs 00022000 08:06 8096079    /home/michael/progs/jogamp-all-platforms/jar/jogl-all-natives-linux-i586.jar
b4574000-b457d000 rwxp 00000000 00:00 0 
b457d000-b4634000 rwxp 00000000 00:00 0 
b4634000-b4874000 rwxp 00000000 00:00 0 
b4874000-b7634000 rwxp 00000000 00:00 0 
b7634000-b7643000 r-xp 00000000 08:06 10602643   /home/michael/progs/jdk1.6.0_04/jre/lib/i386/libzip.so
b7643000-b7645000 rwxp 0000e000 08:06 10602643   /home/michael/progs/jdk1.6.0_04/jre/lib/i386/libzip.so
b7645000-b7668000 r-xp 00000000 08:06 10602639   /home/michael/progs/jdk1.6.0_04/jre/lib/i386/libjava.so
b7668000-b766a000 rwxp 00023000 08:06 10602639   /home/michael/progs/jdk1.6.0_04/jre/lib/i386/libjava.so
b766a000-b7674000 r-xp 00000000 08:06 1198104    /lib/tls/i686/cmov/libnss_files-2.11.1.so
b7674000-b7675000 r-xp 00009000 08:06 1198104    /lib/tls/i686/cmov/libnss_files-2.11.1.so
b7675000-b7676000 rwxp 0000a000 08:06 1198104    /lib/tls/i686/cmov/libnss_files-2.11.1.so
b7676000-b7689000 r-xp 00000000 08:06 1198115    /lib/tls/i686/cmov/libnsl-2.11.1.so
b7689000-b768a000 r-xp 00012000 08:06 1198115    /lib/tls/i686/cmov/libnsl-2.11.1.so
b768a000-b768b000 rwxp 00013000 08:06 1198115    /lib/tls/i686/cmov/libnsl-2.11.1.so
b768b000-b768d000 rwxp 00000000 00:00 0 
b768d000-b768f000 r-xs 0000b000 08:06 8096062    /home/michael/progs/jogamp-all-platforms/jar/joal.jar
b768f000-b7696000 r-xs 00000000 08:06 6210455    /usr/lib/gconv/gconv-modules.cache
b7696000-b76a1000 r-xp 00000000 08:06 10602638   /home/michael/progs/jdk1.6.0_04/jre/lib/i386/libverify.so
b76a1000-b76a2000 rwxp 0000b000 08:06 10602638   /home/michael/progs/jdk1.6.0_04/jre/lib/i386/libverify.so
b76a2000-b76aa000 rwxs 00000000 08:06 11567814   /tmp/hsperfdata_michael/13274
b76aa000-b76b1000 r-xp 00000000 08:06 1198108    /lib/tls/i686/cmov/librt-2.11.1.so
b76b1000-b76b2000 r-xp 00006000 08:06 1198108    /lib/tls/i686/cmov/librt-2.11.1.so
b76b2000-b76b3000 rwxp 00007000 08:06 1198108    /lib/tls/i686/cmov/librt-2.11.1.so
b76b3000-b76b6000 ---p 00000000 00:00 0 
b76b6000-b7704000 rwxp 00000000 00:00 0 
b7704000-b7728000 r-xp 00000000 08:06 1198109    /lib/tls/i686/cmov/libm-2.11.1.so
b7728000-b7729000 r-xp 00023000 08:06 1198109    /lib/tls/i686/cmov/libm-2.11.1.so
b7729000-b772a000 rwxp 00024000 08:06 1198109    /lib/tls/i686/cmov/libm-2.11.1.so
b772a000-b772b000 rwxp 00000000 00:00 0 
b772b000-b7884000 r-xp 00000000 08:06 1198107    /lib/tls/i686/cmov/libc-2.11.1.so
b7884000-b7886000 r-xp 00159000 08:06 1198107    /lib/tls/i686/cmov/libc-2.11.1.so
b7886000-b7887000 rwxp 0015b000 08:06 1198107    /lib/tls/i686/cmov/libc-2.11.1.so
b7887000-b788a000 rwxp 00000000 00:00 0 
b788a000-b788c000 r-xp 00000000 08:06 1198117    /lib/tls/i686/cmov/libdl-2.11.1.so
b788c000-b788d000 r-xp 00001000 08:06 1198117    /lib/tls/i686/cmov/libdl-2.11.1.so
b788d000-b788e000 rwxp 00002000 08:06 1198117    /lib/tls/i686/cmov/libdl-2.11.1.so
b788e000-b7895000 r-xp 00000000 08:06 10602641   /home/michael/progs/jdk1.6.0_04/jre/lib/i386/jli/libjli.so
b7895000-b7897000 rwxp 00006000 08:06 10602641   /home/michael/progs/jdk1.6.0_04/jre/lib/i386/jli/libjli.so
b7897000-b7898000 rwxp 00000000 00:00 0 
b7898000-b78ad000 r-xp 00000000 08:06 1198114    /lib/tls/i686/cmov/libpthread-2.11.1.so
b78ad000-b78ae000 r-xp 00014000 08:06 1198114    /lib/tls/i686/cmov/libpthread-2.11.1.so
b78ae000-b78af000 rwxp 00015000 08:06 1198114    /lib/tls/i686/cmov/libpthread-2.11.1.so
b78af000-b78b1000 rwxp 00000000 00:00 0 
b78b1000-b78b2000 r-xs 0001b000 08:06 8096052    /home/michael/progs/jogamp-all-platforms/jar/joal-natives-linux-i586.jar
b78b2000-b78b3000 r-xs 00000000 08:06 8096037    /home/michael/progs/jogamp-all-platforms/jar/gluegen-rt-natives-linux-i586.jar
b78b3000-b78bb000 r-xp 00000000 08:06 1198097    /lib/tls/i686/cmov/libnss_nis-2.11.1.so
b78bb000-b78bc000 r-xp 00007000 08:06 1198097    /lib/tls/i686/cmov/libnss_nis-2.11.1.so
b78bc000-b78bd000 rwxp 00008000 08:06 1198097    /lib/tls/i686/cmov/libnss_nis-2.11.1.so
b78bd000-b78c3000 r-xp 00000000 08:06 1198118    /lib/tls/i686/cmov/libnss_compat-2.11.1.so
b78c3000-b78c4000 r-xp 00006000 08:06 1198118    /lib/tls/i686/cmov/libnss_compat-2.11.1.so
b78c4000-b78c5000 rwxp 00007000 08:06 1198118    /lib/tls/i686/cmov/libnss_compat-2.11.1.so
b78c5000-b78cb000 r-xp 00000000 08:06 10602625   /home/michael/progs/jdk1.6.0_04/jre/lib/i386/native_threads/libhpi.so
b78cb000-b78cc000 rwxp 00006000 08:06 10602625   /home/michael/progs/jdk1.6.0_04/jre/lib/i386/native_threads/libhpi.so
b78cc000-b78cd000 rwxp 00000000 00:00 0 
b78cd000-b78ce000 r-xp 00000000 00:00 0 
b78ce000-b78d0000 rwxp 00000000 00:00 0 
b78d0000-b78d1000 r-xp 00000000 00:00 0          [vdso]
b78d1000-b78ec000 r-xp 00000000 08:06 10928302   /lib/ld-2.11.1.so
b78ec000-b78ed000 r-xp 0001a000 08:06 10928302   /lib/ld-2.11.1.so
b78ed000-b78ee000 rwxp 0001b000 08:06 10928302   /lib/ld-2.11.1.so
bf95f000-bf974000 rwxp 00000000 00:00 0          [stack]

VM Arguments:
jvm_args: -Dfile.encoding=UTF-8 
java_command: com.maky.starship.StarShipApp
Launcher Type: SUN_STANDARD

Environment Variables:
PATH=/usr/local/sbin:/usr/local/bin:/usr/sbin:/usr/bin:/sbin:/bin:/usr/games
USERNAME=michael
LD_LIBRARY_PATH=/home/michael/progs/jdk1.6.0_04/jre/lib/i386/server:/home/michael/progs/jdk1.6.0_04/jre/lib/i386:/home/michael/progs/jdk1.6.0_04/jre/../lib/i386:/home/michael/progs/jdk1.6.0_04/jre/lib/i386/client:/home/michael/progs/jdk1.6.0_04/jre/lib/i386:
SHELL=/bin/bash
DISPLAY=:0.0

Signal Handlers:
SIGSEGV: [libjvm.so+0x5ed7c0], sa_mask[0]=0x7ffbfeff, sa_flags=0x10000004
SIGBUS: [libjvm.so+0x5ed7c0], sa_mask[0]=0x7ffbfeff, sa_flags=0x10000004
SIGFPE: [libjvm.so+0x4fc230], sa_mask[0]=0x7ffbfeff, sa_flags=0x10000004
SIGPIPE: [libjvm.so+0x4fc230], sa_mask[0]=0x7ffbfeff, sa_flags=0x10000004
SIGXFSZ: [libjvm.so+0x4fc230], sa_mask[0]=0x7ffbfeff, sa_flags=0x10000004
SIGILL: [libjvm.so+0x4fc230], sa_mask[0]=0x7ffbfeff, sa_flags=0x10000004
SIGUSR1: SIG_DFL, sa_mask[0]=0x00000000, sa_flags=0x00000000
SIGUSR2: [libjvm.so+0x4fe270], sa_mask[0]=0x00000004, sa_flags=0x10000004
SIGHUP: [libjvm.so+0x4fe010], sa_mask[0]=0x7ffbfeff, sa_flags=0x10000004
SIGINT: [libjvm.so+0x4fe010], sa_mask[0]=0x7ffbfeff, sa_flags=0x10000004
SIGTERM: [libjvm.so+0x4fe010], sa_mask[0]=0x7ffbfeff, sa_flags=0x10000004
SIGQUIT: [libjvm.so+0x4fe010], sa_mask[0]=0x7ffbfeff, sa_flags=0x10000004


---------------  S Y S T E M  ---------------

OS:squeeze/sid

uname:Linux 2.6.32-24-generic #43-Ubuntu SMP Thu Sep 16 14:17:33 UTC 2010 i686
libc:glibc 2.11.1 NPTL 2.11.1 
rlimit: STACK 8192k, CORE 0k, NPROC infinity, NOFILE 1024, AS infinity
load average:1.41 1.34 1.25

CPU:total 2 (2 cores per cpu, 1 threads per core) family 6 model 15 stepping 11, cmov, cx8, fxsr, mmx, sse, sse2, sse3, ssse3

Memory: 4k page, physical 2029056k(46924k free), swap 4096532k(4070076k free)

vm_info: Java HotSpot(TM) Server VM (10.0-b19) for linux-x86 JRE (1.6.0_04-b12), built on Dec 14 2007 00:57:07 by "java_re" with gcc 3.2.1-7a (J2SE release)

time: Fri Oct  5 13:39:10 2012
elapsed time: 3 seconds

