#
# An unexpected error has been detected by Java Runtime Environment:
#
#  Internal Error (classFileParser.cpp:2924), pid=8015, tid=3075795824
#  Error: ShouldNotReachHere()
#
# Java VM: Java HotSpot(TM) Server VM (10.0-b19 mixed mode linux-x86)
# If you would like to submit a bug report, please visit:
#   http://java.sun.com/webapps/bugreport/crash.jsp
#

---------------  T H R E A D  ---------------

Current thread (0x08181c00):  JavaThread "Unknown thread" [_thread_in_vm, id=8016, stack(0xb74fe000,0xb754f000)]

Stack: [0xb74fe000,0xb754f000],  sp=0xb754da90,  free space=318k
Native frames: (J=compiled Java code, j=interpreted, Vv=VM code, C=native code)
V  [libjvm.so+0x5ecc19]
V  [libjvm.so+0x2cac60]
V  [libjvm.so+0x27d53d]
V  [libjvm.so+0x2822a2]
V  [libjvm.so+0x59956c]
V  [libjvm.so+0x5981b5]
V  [libjvm.so+0x597227]
V  [libjvm.so+0x596f32]
V  [libjvm.so+0x59ad3d]
V  [libjvm.so+0x59a929]
V  [libjvm.so+0x5cb4fa]
V  [libjvm.so+0x5cca2f]
V  [libjvm.so+0x34a248]
V  [libjvm.so+0x5b9086]
V  [libjvm.so+0x39c293]
C  [java+0x2fcc]
C  [java+0x1942]  JavaMain+0x72
C  [libpthread.so.0+0x596e]


---------------  P R O C E S S  ---------------

Java Threads: ( => current thread )

Other Threads:

=>0x08181c00 (exited) JavaThread "Unknown thread" [_thread_in_vm, id=8016, stack(0xb74fe000,0xb754f000)]

VM state:not at safepoint (not fully initialized)

VM Mutex/Monitor currently owned by a thread: None

Dynamic libraries:
06000000-0665c000 r-xp 00000000 08:06 10602627   /home/michael/progs/jdk1.6.0_04/jre/lib/i386/server/libjvm.so
0665c000-066a0000 rwxp 0065c000 08:06 10602627   /home/michael/progs/jdk1.6.0_04/jre/lib/i386/server/libjvm.so
066a0000-06ac2000 rwxp 00000000 00:00 0 
08048000-08052000 r-xp 00000000 08:06 10617505   /home/michael/progs/jdk1.6.0_04/bin/java
08052000-08053000 rwxp 00009000 08:06 10617505   /home/michael/progs/jdk1.6.0_04/bin/java
0817c000-081e0000 rwxp 00000000 00:00 0          [heap]
9105f000-910a8000 r-xs 002cf000 08:06 1999084    /home/michael/progs/android-sdk-linux_86/platforms/android-4/android.jar
910a8000-910a9000 ---p 00000000 00:00 0 
910a9000-91129000 rwxp 00000000 00:00 0 
91129000-9112a000 ---p 00000000 00:00 0 
9112a000-911b2000 rwxp 00000000 00:00 0 
911b2000-911ca000 rwxp 00000000 00:00 0 
911ca000-911d8000 rwxp 00000000 00:00 0 
911d8000-912a7000 rwxp 00000000 00:00 0 
912a7000-912af000 rwxp 00000000 00:00 0 
912af000-912c7000 rwxp 00000000 00:00 0 
912c7000-912d5000 rwxp 00000000 00:00 0 
912d5000-913a3000 rwxp 00000000 00:00 0 
913a3000-913a6000 rwxp 00000000 00:00 0 
913a6000-913bf000 rwxp 00000000 00:00 0 
913bf000-923c0000 rwxp 00000000 00:00 0 
923c0000-953c0000 rwxp 00000000 00:00 0 
953c0000-96f50000 rwxp 00000000 00:00 0 
96f50000-b0cb0000 rwxp 00000000 00:00 0 
b0cb0000-b10b0000 rwxp 00000000 00:00 0 
b10b0000-b43c0000 rwxp 00000000 00:00 0 
b43c0000-b43c9000 rwxp 00000000 00:00 0 
b43c9000-b4480000 rwxp 00000000 00:00 0 
b4480000-b46c0000 rwxp 00000000 00:00 0 
b46c0000-b7480000 rwxp 00000000 00:00 0 
b7480000-b748f000 r-xp 00000000 08:06 10602643   /home/michael/progs/jdk1.6.0_04/jre/lib/i386/libzip.so
b748f000-b7491000 rwxp 0000e000 08:06 10602643   /home/michael/progs/jdk1.6.0_04/jre/lib/i386/libzip.so
b7491000-b74b4000 r-xp 00000000 08:06 10602639   /home/michael/progs/jdk1.6.0_04/jre/lib/i386/libjava.so
b74b4000-b74b6000 rwxp 00023000 08:06 10602639   /home/michael/progs/jdk1.6.0_04/jre/lib/i386/libjava.so
b74b6000-b74c0000 r-xp 00000000 08:06 1196259    /lib/tls/i686/cmov/libnss_files-2.11.1.so
b74c0000-b74c1000 r-xp 00009000 08:06 1196259    /lib/tls/i686/cmov/libnss_files-2.11.1.so
b74c1000-b74c2000 rwxp 0000a000 08:06 1196259    /lib/tls/i686/cmov/libnss_files-2.11.1.so
b74c2000-b74d5000 r-xp 00000000 08:06 1196256    /lib/tls/i686/cmov/libnsl-2.11.1.so
b74d5000-b74d6000 r-xp 00012000 08:06 1196256    /lib/tls/i686/cmov/libnsl-2.11.1.so
b74d6000-b74d7000 rwxp 00013000 08:06 1196256    /lib/tls/i686/cmov/libnsl-2.11.1.so
b74d7000-b74d9000 rwxp 00000000 00:00 0 
b74e1000-b74ec000 r-xp 00000000 08:06 10602638   /home/michael/progs/jdk1.6.0_04/jre/lib/i386/libverify.so
b74ec000-b74ed000 rwxp 0000b000 08:06 10602638   /home/michael/progs/jdk1.6.0_04/jre/lib/i386/libverify.so
b74ed000-b74f5000 rwxs 00000000 08:06 12239615   /tmp/hsperfdata_michael/8015
b74f5000-b74fc000 r-xp 00000000 08:06 1196266    /lib/tls/i686/cmov/librt-2.11.1.so
b74fc000-b74fd000 r-xp 00006000 08:06 1196266    /lib/tls/i686/cmov/librt-2.11.1.so
b74fd000-b74fe000 rwxp 00007000 08:06 1196266    /lib/tls/i686/cmov/librt-2.11.1.so
b74fe000-b7501000 ---p 00000000 00:00 0 
b7501000-b754f000 rwxp 00000000 00:00 0 
b754f000-b7573000 r-xp 00000000 08:06 1196252    /lib/tls/i686/cmov/libm-2.11.1.so
b7573000-b7574000 r-xp 00023000 08:06 1196252    /lib/tls/i686/cmov/libm-2.11.1.so
b7574000-b7575000 rwxp 00024000 08:06 1196252    /lib/tls/i686/cmov/libm-2.11.1.so
b7575000-b7576000 rwxp 00000000 00:00 0 
b7576000-b76c9000 r-xp 00000000 08:06 1196247    /lib/tls/i686/cmov/libc-2.11.1.so
b76c9000-b76ca000 ---p 00153000 08:06 1196247    /lib/tls/i686/cmov/libc-2.11.1.so
b76ca000-b76cc000 r-xp 00153000 08:06 1196247    /lib/tls/i686/cmov/libc-2.11.1.so
b76cc000-b76cd000 rwxp 00155000 08:06 1196247    /lib/tls/i686/cmov/libc-2.11.1.so
b76cd000-b76d0000 rwxp 00000000 00:00 0 
b76d0000-b76d2000 r-xp 00000000 08:06 1196250    /lib/tls/i686/cmov/libdl-2.11.1.so
b76d2000-b76d3000 r-xp 00001000 08:06 1196250    /lib/tls/i686/cmov/libdl-2.11.1.so
b76d3000-b76d4000 rwxp 00002000 08:06 1196250    /lib/tls/i686/cmov/libdl-2.11.1.so
b76d4000-b76db000 r-xp 00000000 08:06 10602641   /home/michael/progs/jdk1.6.0_04/jre/lib/i386/jli/libjli.so
b76db000-b76dd000 rwxp 00006000 08:06 10602641   /home/michael/progs/jdk1.6.0_04/jre/lib/i386/jli/libjli.so
b76dd000-b76de000 rwxp 00000000 00:00 0 
b76de000-b76f3000 r-xp 00000000 08:06 1196264    /lib/tls/i686/cmov/libpthread-2.11.1.so
b76f3000-b76f4000 r-xp 00014000 08:06 1196264    /lib/tls/i686/cmov/libpthread-2.11.1.so
b76f4000-b76f5000 rwxp 00015000 08:06 1196264    /lib/tls/i686/cmov/libpthread-2.11.1.so
b76f5000-b76f7000 rwxp 00000000 00:00 0 
b76f8000-b7700000 r-xp 00000000 08:06 1196261    /lib/tls/i686/cmov/libnss_nis-2.11.1.so
b7700000-b7701000 r-xp 00007000 08:06 1196261    /lib/tls/i686/cmov/libnss_nis-2.11.1.so
b7701000-b7702000 rwxp 00008000 08:06 1196261    /lib/tls/i686/cmov/libnss_nis-2.11.1.so
b7702000-b7708000 r-xp 00000000 08:06 1196257    /lib/tls/i686/cmov/libnss_compat-2.11.1.so
b7708000-b7709000 r-xp 00006000 08:06 1196257    /lib/tls/i686/cmov/libnss_compat-2.11.1.so
b7709000-b770a000 rwxp 00007000 08:06 1196257    /lib/tls/i686/cmov/libnss_compat-2.11.1.so
b770a000-b7710000 r-xp 00000000 08:06 10602625   /home/michael/progs/jdk1.6.0_04/jre/lib/i386/native_threads/libhpi.so
b7710000-b7711000 rwxp 00006000 08:06 10602625   /home/michael/progs/jdk1.6.0_04/jre/lib/i386/native_threads/libhpi.so
b7711000-b7712000 rwxp 00000000 00:00 0 
b7712000-b7713000 r-xp 00000000 00:00 0 
b7713000-b7715000 rwxp 00000000 00:00 0 
b7715000-b7716000 r-xp 00000000 00:00 0          [vdso]
b7716000-b7731000 r-xp 00000000 08:06 1164659    /lib/ld-2.11.1.so
b7731000-b7732000 r-xp 0001a000 08:06 1164659    /lib/ld-2.11.1.so
b7732000-b7733000 rwxp 0001b000 08:06 1164659    /lib/ld-2.11.1.so
bfe59000-bfe6e000 rwxp 00000000 00:00 0          [stack]

VM Arguments:
jvm_args: -Dfile.encoding=UTF-8 -Xbootclasspath:/home/michael/progs/android-sdk-linux_86/platforms/android-4/android.jar 
java_command: com.maky.cards.Table
Launcher Type: SUN_STANDARD

Environment Variables:
PATH=/usr/local/sbin:/usr/local/bin:/usr/sbin:/usr/bin:/sbin:/bin:/usr/games
USERNAME=michael
LD_LIBRARY_PATH=/home/michael/progs/jdk1.6.0_04/jre/lib/i386/server:/home/michael/progs/jdk1.6.0_04/jre/lib/i386:/home/michael/progs/jdk1.6.0_04/jre/../lib/i386:/home/michael/progs/jdk1.6.0_04/jre/lib/i386/client:/home/michael/progs/jdk1.6.0_04/jre/lib/i386:
SHELL=/bin/bash
DISPLAY=:0.0

Signal Handlers:
SIGSEGV: [libjvm.so+0x5ed7c0], sa_mask[0]=0x7ffbfeff, sa_flags=0x10000004
SIGBUS: [libjvm.so+0x5ed7c0], sa_mask[0]=0x7ffbfeff, sa_flags=0x10000004
SIGFPE: [libjvm.so+0x4fc230], sa_mask[0]=0x7ffbfeff, sa_flags=0x10000004
SIGPIPE: [libjvm.so+0x4fc230], sa_mask[0]=0x7ffbfeff, sa_flags=0x10000004
SIGXFSZ: [libjvm.so+0x4fc230], sa_mask[0]=0x7ffbfeff, sa_flags=0x10000004
SIGILL: [libjvm.so+0x4fc230], sa_mask[0]=0x7ffbfeff, sa_flags=0x10000004
SIGUSR1: SIG_DFL, sa_mask[0]=0x00000000, sa_flags=0x00000000
SIGUSR2: [libjvm.so+0x4fe270], sa_mask[0]=0x00000004, sa_flags=0x10000004
SIGHUP: SIG_DFL, sa_mask[0]=0x00000000, sa_flags=0x00000000
SIGINT: SIG_DFL, sa_mask[0]=0x00000000, sa_flags=0x00000000
SIGTERM: SIG_DFL, sa_mask[0]=0x00000000, sa_flags=0x00000000
SIGQUIT: SIG_DFL, sa_mask[0]=0x00000000, sa_flags=0x00000000


---------------  S Y S T E M  ---------------

OS:squeeze/sid

uname:Linux 2.6.32-24-generic #43-Ubuntu SMP Thu Sep 16 14:17:33 UTC 2010 i686
libc:glibc 2.11.1 NPTL 2.11.1 
rlimit: STACK 8192k, CORE 0k, NPROC infinity, NOFILE 1024, AS infinity
load average:1.83 1.72 1.60

CPU:total 2 (2 cores per cpu, 1 threads per core) family 6 model 15 stepping 11, cmov, cx8, fxsr, mmx, sse, sse2, sse3, ssse3

Memory: 4k page, physical 2029056k(79484k free), swap 4096532k(4077716k free)

vm_info: Java HotSpot(TM) Server VM (10.0-b19) for linux-x86 JRE (1.6.0_04-b12), built on Dec 14 2007 00:57:07 by "java_re" with gcc 3.2.1-7a (J2SE release)

time: Fri Jul 22 18:09:36 2011
elapsed time: 0 seconds

