#
# An unexpected error has been detected by Java Runtime Environment:
#
#  Internal Error (classFileParser.cpp:2924), pid=8066, tid=3075930992
#  Error: ShouldNotReachHere()
#
# Java VM: Java HotSpot(TM) Server VM (10.0-b19 mixed mode linux-x86)
# If you would like to submit a bug report, please visit:
#   http://java.sun.com/webapps/bugreport/crash.jsp
#

---------------  T H R E A D  ---------------

Current thread (0x08831c00):  JavaThread "Unknown thread" [_thread_in_vm, id=8069, stack(0xb751f000,0xb7570000)]

Stack: [0xb751f000,0xb7570000],  sp=0xb756ea90,  free space=318k
Native frames: (J=compiled Java code, j=interpreted, Vv=VM code, C=native code)
V  [libjvm.so+0x5ecc19]
V  [libjvm.so+0x2cac60]
V  [libjvm.so+0x27d53d]
V  [libjvm.so+0x2822a2]
V  [libjvm.so+0x59956c]
V  [libjvm.so+0x5981b5]
V  [libjvm.so+0x597227]
V  [libjvm.so+0x596f32]
V  [libjvm.so+0x59ad3d]
V  [libjvm.so+0x59a929]
V  [libjvm.so+0x5cb4fa]
V  [libjvm.so+0x5cca2f]
V  [libjvm.so+0x34a248]
V  [libjvm.so+0x5b9086]
V  [libjvm.so+0x39c293]
C  [java+0x2fcc]
C  [java+0x1942]  JavaMain+0x72
C  [libpthread.so.0+0x596e]


---------------  P R O C E S S  ---------------

Java Threads: ( => current thread )

Other Threads:

=>0x08831c00 (exited) JavaThread "Unknown thread" [_thread_in_vm, id=8069, stack(0xb751f000,0xb7570000)]

VM state:not at safepoint (not fully initialized)

VM Mutex/Monitor currently owned by a thread: None

Dynamic libraries:
06000000-0665c000 r-xp 00000000 08:06 10602627   /home/michael/progs/jdk1.6.0_04/jre/lib/i386/server/libjvm.so
0665c000-066a0000 rwxp 0065c000 08:06 10602627   /home/michael/progs/jdk1.6.0_04/jre/lib/i386/server/libjvm.so
066a0000-06ac2000 rwxp 00000000 00:00 0 
08048000-08052000 r-xp 00000000 08:06 10617505   /home/michael/progs/jdk1.6.0_04/bin/java
08052000-08053000 rwxp 00009000 08:06 10617505   /home/michael/progs/jdk1.6.0_04/bin/java
0882c000-08890000 rwxp 00000000 00:00 0          [heap]
9107f000-910c8000 r-xs 002cf000 08:06 1999084    /home/michael/progs/android-sdk-linux_86/platforms/android-4/android.jar
910c8000-910c9000 ---p 00000000 00:00 0 
910c9000-91149000 rwxp 00000000 00:00 0 
91149000-9114a000 ---p 00000000 00:00 0 
9114a000-911d2000 rwxp 00000000 00:00 0 
911d2000-911ea000 rwxp 00000000 00:00 0 
911ea000-911f8000 rwxp 00000000 00:00 0 
911f8000-912c7000 rwxp 00000000 00:00 0 
912c7000-912cf000 rwxp 00000000 00:00 0 
912cf000-912e7000 rwxp 00000000 00:00 0 
912e7000-912f5000 rwxp 00000000 00:00 0 
912f5000-913c3000 rwxp 00000000 00:00 0 
913c3000-913c6000 rwxp 00000000 00:00 0 
913c6000-913df000 rwxp 00000000 00:00 0 
913df000-923e0000 rwxp 00000000 00:00 0 
923e0000-953e0000 rwxp 00000000 00:00 0 
953e0000-96f70000 rwxp 00000000 00:00 0 
96f70000-b0cd0000 rwxp 00000000 00:00 0 
b0cd0000-b10d0000 rwxp 00000000 00:00 0 
b10d0000-b43e0000 rwxp 00000000 00:00 0 
b43e1000-b43ea000 rwxp 00000000 00:00 0 
b43ea000-b44a1000 rwxp 00000000 00:00 0 
b44a1000-b46e1000 rwxp 00000000 00:00 0 
b46e1000-b74a1000 rwxp 00000000 00:00 0 
b74a1000-b74b0000 r-xp 00000000 08:06 10602643   /home/michael/progs/jdk1.6.0_04/jre/lib/i386/libzip.so
b74b0000-b74b2000 rwxp 0000e000 08:06 10602643   /home/michael/progs/jdk1.6.0_04/jre/lib/i386/libzip.so
b74b2000-b74d5000 r-xp 00000000 08:06 10602639   /home/michael/progs/jdk1.6.0_04/jre/lib/i386/libjava.so
b74d5000-b74d7000 rwxp 00023000 08:06 10602639   /home/michael/progs/jdk1.6.0_04/jre/lib/i386/libjava.so
b74d7000-b74e1000 r-xp 00000000 08:06 1196259    /lib/tls/i686/cmov/libnss_files-2.11.1.so
b74e1000-b74e2000 r-xp 00009000 08:06 1196259    /lib/tls/i686/cmov/libnss_files-2.11.1.so
b74e2000-b74e3000 rwxp 0000a000 08:06 1196259    /lib/tls/i686/cmov/libnss_files-2.11.1.so
b74e3000-b74f6000 r-xp 00000000 08:06 1196256    /lib/tls/i686/cmov/libnsl-2.11.1.so
b74f6000-b74f7000 r-xp 00012000 08:06 1196256    /lib/tls/i686/cmov/libnsl-2.11.1.so
b74f7000-b74f8000 rwxp 00013000 08:06 1196256    /lib/tls/i686/cmov/libnsl-2.11.1.so
b74f8000-b74fa000 rwxp 00000000 00:00 0 
b7502000-b750d000 r-xp 00000000 08:06 10602638   /home/michael/progs/jdk1.6.0_04/jre/lib/i386/libverify.so
b750d000-b750e000 rwxp 0000b000 08:06 10602638   /home/michael/progs/jdk1.6.0_04/jre/lib/i386/libverify.so
b750e000-b7516000 rwxs 00000000 08:06 12239615   /tmp/hsperfdata_michael/8066
b7516000-b751d000 r-xp 00000000 08:06 1196266    /lib/tls/i686/cmov/librt-2.11.1.so
b751d000-b751e000 r-xp 00006000 08:06 1196266    /lib/tls/i686/cmov/librt-2.11.1.so
b751e000-b751f000 rwxp 00007000 08:06 1196266    /lib/tls/i686/cmov/librt-2.11.1.so
b751f000-b7522000 ---p 00000000 00:00 0 
b7522000-b7570000 rwxp 00000000 00:00 0 
b7570000-b7594000 r-xp 00000000 08:06 1196252    /lib/tls/i686/cmov/libm-2.11.1.so
b7594000-b7595000 r-xp 00023000 08:06 1196252    /lib/tls/i686/cmov/libm-2.11.1.so
b7595000-b7596000 rwxp 00024000 08:06 1196252    /lib/tls/i686/cmov/libm-2.11.1.so
b7596000-b7597000 rwxp 00000000 00:00 0 
b7597000-b76ea000 r-xp 00000000 08:06 1196247    /lib/tls/i686/cmov/libc-2.11.1.so
b76ea000-b76eb000 ---p 00153000 08:06 1196247    /lib/tls/i686/cmov/libc-2.11.1.so
b76eb000-b76ed000 r-xp 00153000 08:06 1196247    /lib/tls/i686/cmov/libc-2.11.1.so
b76ed000-b76ee000 rwxp 00155000 08:06 1196247    /lib/tls/i686/cmov/libc-2.11.1.so
b76ee000-b76f1000 rwxp 00000000 00:00 0 
b76f1000-b76f3000 r-xp 00000000 08:06 1196250    /lib/tls/i686/cmov/libdl-2.11.1.so
b76f3000-b76f4000 r-xp 00001000 08:06 1196250    /lib/tls/i686/cmov/libdl-2.11.1.so
b76f4000-b76f5000 rwxp 00002000 08:06 1196250    /lib/tls/i686/cmov/libdl-2.11.1.so
b76f5000-b76fc000 r-xp 00000000 08:06 10602641   /home/michael/progs/jdk1.6.0_04/jre/lib/i386/jli/libjli.so
b76fc000-b76fe000 rwxp 00006000 08:06 10602641   /home/michael/progs/jdk1.6.0_04/jre/lib/i386/jli/libjli.so
b76fe000-b76ff000 rwxp 00000000 00:00 0 
b76ff000-b7714000 r-xp 00000000 08:06 1196264    /lib/tls/i686/cmov/libpthread-2.11.1.so
b7714000-b7715000 r-xp 00014000 08:06 1196264    /lib/tls/i686/cmov/libpthread-2.11.1.so
b7715000-b7716000 rwxp 00015000 08:06 1196264    /lib/tls/i686/cmov/libpthread-2.11.1.so
b7716000-b7718000 rwxp 00000000 00:00 0 
b7719000-b7721000 r-xp 00000000 08:06 1196261    /lib/tls/i686/cmov/libnss_nis-2.11.1.so
b7721000-b7722000 r-xp 00007000 08:06 1196261    /lib/tls/i686/cmov/libnss_nis-2.11.1.so
b7722000-b7723000 rwxp 00008000 08:06 1196261    /lib/tls/i686/cmov/libnss_nis-2.11.1.so
b7723000-b7729000 r-xp 00000000 08:06 1196257    /lib/tls/i686/cmov/libnss_compat-2.11.1.so
b7729000-b772a000 r-xp 00006000 08:06 1196257    /lib/tls/i686/cmov/libnss_compat-2.11.1.so
b772a000-b772b000 rwxp 00007000 08:06 1196257    /lib/tls/i686/cmov/libnss_compat-2.11.1.so
b772b000-b7731000 r-xp 00000000 08:06 10602625   /home/michael/progs/jdk1.6.0_04/jre/lib/i386/native_threads/libhpi.so
b7731000-b7732000 rwxp 00006000 08:06 10602625   /home/michael/progs/jdk1.6.0_04/jre/lib/i386/native_threads/libhpi.so
b7732000-b7733000 rwxp 00000000 00:00 0 
b7733000-b7734000 r-xp 00000000 00:00 0 
b7734000-b7736000 rwxp 00000000 00:00 0 
b7736000-b7737000 r-xp 00000000 00:00 0          [vdso]
b7737000-b7752000 r-xp 00000000 08:06 1164659    /lib/ld-2.11.1.so
b7752000-b7753000 r-xp 0001a000 08:06 1164659    /lib/ld-2.11.1.so
b7753000-b7754000 rwxp 0001b000 08:06 1164659    /lib/ld-2.11.1.so
bf928000-bf93d000 rwxp 00000000 00:00 0          [stack]

VM Arguments:
jvm_args: -Dfile.encoding=UTF-8 -Xbootclasspath:/home/michael/progs/android-sdk-linux_86/platforms/android-4/android.jar 
java_command: com.maky.cards.Table
Launcher Type: SUN_STANDARD

Environment Variables:
PATH=/usr/local/sbin:/usr/local/bin:/usr/sbin:/usr/bin:/sbin:/bin:/usr/games
USERNAME=michael
LD_LIBRARY_PATH=/home/michael/progs/jdk1.6.0_04/jre/lib/i386/server:/home/michael/progs/jdk1.6.0_04/jre/lib/i386:/home/michael/progs/jdk1.6.0_04/jre/../lib/i386:/home/michael/progs/jdk1.6.0_04/jre/lib/i386/client:/home/michael/progs/jdk1.6.0_04/jre/lib/i386:
SHELL=/bin/bash
DISPLAY=:0.0

Signal Handlers:
SIGSEGV: [libjvm.so+0x5ed7c0], sa_mask[0]=0x7ffbfeff, sa_flags=0x10000004
SIGBUS: [libjvm.so+0x5ed7c0], sa_mask[0]=0x7ffbfeff, sa_flags=0x10000004
SIGFPE: [libjvm.so+0x4fc230], sa_mask[0]=0x7ffbfeff, sa_flags=0x10000004
SIGPIPE: [libjvm.so+0x4fc230], sa_mask[0]=0x7ffbfeff, sa_flags=0x10000004
SIGXFSZ: [libjvm.so+0x4fc230], sa_mask[0]=0x7ffbfeff, sa_flags=0x10000004
SIGILL: [libjvm.so+0x4fc230], sa_mask[0]=0x7ffbfeff, sa_flags=0x10000004
SIGUSR1: SIG_DFL, sa_mask[0]=0x00000000, sa_flags=0x00000000
SIGUSR2: [libjvm.so+0x4fe270], sa_mask[0]=0x00000004, sa_flags=0x10000004
SIGHUP: SIG_DFL, sa_mask[0]=0x00000000, sa_flags=0x00000000
SIGINT: SIG_DFL, sa_mask[0]=0x00000000, sa_flags=0x00000000
SIGTERM: SIG_DFL, sa_mask[0]=0x00000000, sa_flags=0x00000000
SIGQUIT: SIG_DFL, sa_mask[0]=0x00000000, sa_flags=0x00000000


---------------  S Y S T E M  ---------------

OS:squeeze/sid

uname:Linux 2.6.32-24-generic #43-Ubuntu SMP Thu Sep 16 14:17:33 UTC 2010 i686
libc:glibc 2.11.1 NPTL 2.11.1 
rlimit: STACK 8192k, CORE 0k, NPROC infinity, NOFILE 1024, AS infinity
load average:1.72 1.73 1.62

CPU:total 2 (2 cores per cpu, 1 threads per core) family 6 model 15 stepping 11, cmov, cx8, fxsr, mmx, sse, sse2, sse3, ssse3

Memory: 4k page, physical 2029056k(66168k free), swap 4096532k(4077716k free)

vm_info: Java HotSpot(TM) Server VM (10.0-b19) for linux-x86 JRE (1.6.0_04-b12), built on Dec 14 2007 00:57:07 by "java_re" with gcc 3.2.1-7a (J2SE release)

time: Fri Jul 22 18:11:29 2011
elapsed time: 0 seconds

